

Microchip MPLAB XC8 Assembler V2.31 build 20201012212115 
                                                                                               Thu Mar 04 01:57:36 2021

Microchip MPLAB XC8 C Compiler v2.31 (Free license) build 20201012212115 Og1 
     1                           	processor	18F27Q43
     2                           	fnconf	rparam,??,?,0
     3                           	pagewidth 120
     4                           	opt	flic
     5                           	psect	cinit,global,reloc=2,class=CODE,delta=1
     6                           	psect	bssCOMRAM,global,class=COMRAM,space=1,delta=1,lowdata,noexec
     7                           	psect	cstackCOMRAM,global,class=COMRAM,space=1,delta=1,lowdata,noexec
     8                           	psect	text0,global,reloc=2,class=CODE,delta=1
     9                           	psect	text1,global,reloc=2,class=CODE,delta=1
    10                           	psect	text2,global,reloc=2,class=CODE,delta=1
    11                           	psect	text3,global,reloc=2,class=CODE,delta=1
    12                           	psect	text4,global,reloc=2,class=CODE,delta=1
    13                           	psect	text5,global,reloc=2,class=CODE,delta=1
    14                           	psect	text6,global,reloc=2,class=CODE,delta=1
    15                           	psect	text7,global,reloc=2,class=CODE,delta=1
    16                           	psect	intsave_regs,global,class=BIGRAM,space=1,delta=1,noexec
    17                           	psect	rparam,global,class=COMRAM,space=1,delta=1,noexec
    18                           	psect	idloc,global,abs,ovrld,class=IDLOC,space=5,delta=1,noexec
    19                           	psect	config,global,abs,ovrld,class=CONFIG,space=4,delta=1,noexec
    20  0000                     
    21                           ; Version 2.30
    22                           ; Generated 20/08/2020 GMT
    23                           ; 
    24                           ; Copyright © 2020, Microchip Technology Inc. and its subsidiaries ("Microchip")
    25                           ; All rights reserved.
    26                           ; 
    27                           ; This software is developed by Microchip Technology Inc. and its subsidiaries ("Microch
      +                          ip").
    28                           ; 
    29                           ; Redistribution and use in source and binary forms, with or without modification, are
    30                           ; permitted provided that the following conditions are met:
    31                           ; 
    32                           ;     1. Redistributions of source code must retain the above copyright notice, this lis
      +                          t of
    33                           ;        conditions and the following disclaimer.
    34                           ; 
    35                           ;     2. Redistributions in binary form must reproduce the above copyright notice, this 
      +                          list
    36                           ;        of conditions and the following disclaimer in the documentation and/or other
    37                           ;        materials provided with the distribution. Publication is not required when
    38                           ;        this file is used in an embedded application.
    39                           ; 
    40                           ;     3. Microchip's name may not be used to endorse or promote products derived from th
      +                          is
    41                           ;        software without specific prior written permission.
    42                           ; 
    43                           ; THIS SOFTWARE IS PROVIDED BY MICROCHIP "AS IS" AND ANY EXPRESS OR IMPLIED WARRANTIES,
    44                           ; INCLUDING, BUT NOT LIMITED TO, THE IMPLIED WARRANTIES OF MERCHANTABILITY AND FITNESS F
      +                          OR
    45                           ; PURPOSE ARE DISCLAIMED.  IN NO EVENT SHALL MICROCHIP BE LIABLE FOR ANY DIRECT, INDIREC
      +                          T,
    46                           ; INCIDENTAL, SPECIAL, EXEMPLARY, OR CONSEQUENTIAL DAMAGES (INCLUDING BUT NOT LIMITED TO
    47                           ; PROCUREMENT OF SUBSTITUTE GOODS OR SERVICES; LOSS OF USE, DATA OR PROFITS; OR BUSINESS
    48                           ; INTERRUPTION) HOWSOEVER CAUSED AND ON ANY THEORY OF LIABILITY, WHETHER IN CONTRACT, ST
      +                          RICT
    49                           ; LIABILITY, OR TORT (INCLUDING NEGLIGENCE OR OTHERWISE) ARISING IN ANY WAY OUT OF THE U
      +                          SE OF
    50                           ; THIS SOFTWARE, EVEN IF ADVISED OF THE POSSIBILITY OF SUCH DAMAGE.
    51                           ; 
    52                           ; 
    53                           ; Code-generator required, PIC18F27Q43 Definitions
    54                           ; 
    55                           ; SFR Addresses
    56  0000                     _T0CON1	set	795
    57  0000                     _TMR0H	set	793
    58  0000                     _TMR0L	set	792
    59  0000                     _T0CON0	set	794
    60  0000                     _ANSELB	set	1032
    61  0000                     _ANSELA	set	1024
    62  0000                     _PIR3	set	1201
    63  0000                     _TRISB	set	1223
    64  0000                     _LATA	set	1214
    65  0000                     _TRISA	set	1222
    66                           
    67                           ; #config settings
    68                           
    69                           	psect	cinit
    70  01FEBA                     __pcinit:
    71                           	callstack 0
    72  01FEBA                     start_initialization:
    73                           	callstack 0
    74  01FEBA                     __initialization:
    75                           	callstack 0
    76                           
    77                           ; Clear objects allocated to COMRAM (16 bytes)
    78  01FEBA  EE01  F101         	lfsr	0,__pbssCOMRAM
    79  01FEBE  0E10               	movlw	16
    80  01FEC0                     clear_0:
    81  01FEC0  6AEE               	clrf	postinc0,c
    82  01FEC2  06E8               	decf	wreg,f,c
    83  01FEC4  E1FD               	bnz	clear_0
    84  01FEC6                     end_of_initialization:
    85                           	callstack 0
    86  01FEC6                     __end_of__initialization:
    87                           	callstack 0
    88  01FEC6  0100               	movlb	0
    89  01FEC8  EF82  F0FF         	goto	_main	;jump to C main() function
    90                           
    91                           	psect	bssCOMRAM
    92  000501                     __pbssCOMRAM:
    93                           	callstack 0
    94  000501                     _G_u32SystemFlags:
    95                           	callstack 0
    96  000501                     	ds	4
    97  000505                     _G_u32SystemTime1s:
    98                           	callstack 0
    99  000505                     	ds	4
   100  000509                     _G_u32SystemTime1ms:
   101                           	callstack 0
   102  000509                     	ds	4
   103  00050D                     UserAppRun@su16Counter:
   104                           	callstack 0
   105  00050D                     	ds	2
   106  00050F                     UserAppRun@su8LataDirection:
   107                           	callstack 0
   108  00050F                     	ds	1
   109  000510                     _G_u8UserAppFlags:
   110                           	callstack 0
   111  000510                     	ds	1
   112                           
   113                           	psect	cstackCOMRAM
   114  000511                     __pcstackCOMRAM:
   115                           	callstack 0
   116  000511                     UserAppRun@u8LataValue:
   117                           	callstack 0
   118  000511                     TimeXus@u16Microseconds:
   119                           	callstack 0
   120                           
   121                           ; 2 bytes @ 0x0
   122  000511                     	ds	2
   123  000513                     TimeXus@u8InputLow:
   124                           	callstack 0
   125                           
   126                           ; 1 bytes @ 0x2
   127  000513                     	ds	1
   128  000514                     TimeXus@u8InputHigh:
   129                           	callstack 0
   130                           
   131                           ; 1 bytes @ 0x3
   132  000514                     	ds	1
   133  000515                     TimeXus@u16InputDifference:
   134                           	callstack 0
   135                           
   136                           ; 2 bytes @ 0x4
   137  000515                     	ds	2
   138  000517                     
   139                           ; 1 bytes @ 0x6
   140 ;;
   141 ;;Main: autosize = 0, tempsize = 0, incstack = 0, save=0
   142 ;;
   143 ;; *************** function _main *****************
   144 ;; Defined at:
   145 ;;		line 35 in file "main.c"
   146 ;; Parameters:    Size  Location     Type
   147 ;;		None
   148 ;; Auto vars:     Size  Location     Type
   149 ;;		None
   150 ;; Return value:  Size  Location     Type
   151 ;;                  1    wreg      void 
   152 ;; Registers used:
   153 ;;		wreg, status,2, status,0, cstack
   154 ;; Tracked objects:
   155 ;;		On entry : 0/0
   156 ;;		On exit  : 0/0
   157 ;;		Unchanged: 0/0
   158 ;; Data sizes:     COMRAM   BANK5   BANK6   BANK7   BANK8   BANK9  BANK10  BANK11  BANK12  BANK13  BANK14  BANK15  BANK1
      +6  BANK17  BANK18  BANK19  BANK20  BANK21  BANK22  BANK23  BANK24  BANK25  BANK26  BANK27  BANK28  BANK29  BANK30  BANK3
      +1  BANK32  BANK33  BANK34  BANK35  BANK36  BANK37
   159 ;;      Params:         0       0       0       0       0       0       0       0       0       0       0       0       
      +0       0       0       0       0       0       0       0       0       0       0       0       0       0       0       
      +0       0       0       0       0       0       0
   160 ;;      Locals:         0       0       0       0       0       0       0       0       0       0       0       0       
      +0       0       0       0       0       0       0       0       0       0       0       0       0       0       0       
      +0       0       0       0       0       0       0
   161 ;;      Temps:          0       0       0       0       0       0       0       0       0       0       0       0       
      +0       0       0       0       0       0       0       0       0       0       0       0       0       0       0       
      +0       0       0       0       0       0       0
   162 ;;      Totals:         0       0       0       0       0       0       0       0       0       0       0       0       
      +0       0       0       0       0       0       0       0       0       0       0       0       0       0       0       
      +0       0       0       0       0       0       0
   163 ;;Total ram usage:        0 bytes
   164 ;; Hardware stack levels required when called:    1
   165 ;; This function calls:
   166 ;;		_ClockSetup
   167 ;;		_GpioSetup
   168 ;;		_SysTickSetup
   169 ;;		_SystemSleep
   170 ;;		_TimeXus
   171 ;;		_UserAppInitialize
   172 ;;		_UserAppRun
   173 ;; This function is called by:
   174 ;;		Startup code after reset
   175 ;; This function uses a non-reentrant model
   176 ;;
   177                           
   178                           	psect	text0
   179  01FF04                     __ptext0:
   180                           	callstack 0
   181  01FF04                     _main:
   182                           	callstack 127
   183  01FF04                     
   184                           ;main.c: 37:   G_u32SystemFlags |= (u32)0x80000000;
   185  01FF04  8E04               	bsf	(_G_u32SystemFlags+3)^(0+1280),7,c	;volatile
   186  01FF06                     
   187                           ;main.c: 40:   ClockSetup();
   188  01FF06  EC53  F0FF         	call	_ClockSetup	;wreg free
   189  01FF0A                     
   190                           ;main.c: 41:   SysTickSetup();
   191  01FF0A  EC71  F0FF         	call	_SysTickSetup	;wreg free
   192  01FF0E                     
   193                           ;main.c: 42:   GpioSetup();
   194  01FF0E  EC66  F0FF         	call	_GpioSetup	;wreg free
   195  01FF12                     
   196                           ;main.c: 47:   UserAppInitialize();
   197  01FF12  EC55  F0FF         	call	_UserAppInitialize	;wreg free
   198  01FF16                     l857:
   199                           
   200                           ;main.c: 53:   {;main.c: 57:     UserAppRun();
   201  01FF16  ECBB  F0FF         	call	_UserAppRun	;wreg free
   202  01FF1A                     
   203                           ;main.c: 61:     (LATA &= 0x7F);
   204  01FF1A  9EBE               	bcf	190,7,c	;volatile
   205  01FF1C                     
   206                           ;main.c: 62:     SystemSleep();
   207  01FF1C  EC54  F0FF         	call	_SystemSleep	;wreg free
   208  01FF20                     
   209                           ;main.c: 63:     TimeXus(500);
   210  01FF20  0E01               	movlw	1
   211  01FF22  6E12               	movwf	(TimeXus@u16Microseconds+1)^(0+1280),c
   212  01FF24  0EF4               	movlw	244
   213  01FF26  6E11               	movwf	TimeXus@u16Microseconds^(0+1280),c
   214  01FF28  EC9B  F0FF         	call	_TimeXus	;wreg free
   215  01FF2C                     
   216                           ;main.c: 64:     (LATA |= 0x80);
   217  01FF2C  8EBE               	bsf	190,7,c	;volatile
   218  01FF2E  EF8B  F0FF         	goto	l857
   219  01FF32  EFFE  F0FF         	goto	start
   220  01FF36                     __end_of_main:
   221                           	callstack 0
   222                           
   223 ;; *************** function _UserAppRun *****************
   224 ;; Defined at:
   225 ;;		line 97 in file "user_app.c"
   226 ;; Parameters:    Size  Location     Type
   227 ;;		None
   228 ;; Auto vars:     Size  Location     Type
   229 ;;  u8LataValue     1    0[COMRAM] unsigned char 
   230 ;; Return value:  Size  Location     Type
   231 ;;                  1    wreg      void 
   232 ;; Registers used:
   233 ;;		wreg, status,2, status,0
   234 ;; Tracked objects:
   235 ;;		On entry : 0/0
   236 ;;		On exit  : 0/0
   237 ;;		Unchanged: 0/0
   238 ;; Data sizes:     COMRAM   BANK5   BANK6   BANK7   BANK8   BANK9  BANK10  BANK11  BANK12  BANK13  BANK14  BANK15  BANK1
      +6  BANK17  BANK18  BANK19  BANK20  BANK21  BANK22  BANK23  BANK24  BANK25  BANK26  BANK27  BANK28  BANK29  BANK30  BANK3
      +1  BANK32  BANK33  BANK34  BANK35  BANK36  BANK37
   239 ;;      Params:         0       0       0       0       0       0       0       0       0       0       0       0       
      +0       0       0       0       0       0       0       0       0       0       0       0       0       0       0       
      +0       0       0       0       0       0       0
   240 ;;      Locals:         1       0       0       0       0       0       0       0       0       0       0       0       
      +0       0       0       0       0       0       0       0       0       0       0       0       0       0       0       
      +0       0       0       0       0       0       0
   241 ;;      Temps:          0       0       0       0       0       0       0       0       0       0       0       0       
      +0       0       0       0       0       0       0       0       0       0       0       0       0       0       0       
      +0       0       0       0       0       0       0
   242 ;;      Totals:         1       0       0       0       0       0       0       0       0       0       0       0       
      +0       0       0       0       0       0       0       0       0       0       0       0       0       0       0       
      +0       0       0       0       0       0       0
   243 ;;Total ram usage:        1 bytes
   244 ;; Hardware stack levels used:    1
   245 ;; This function calls:
   246 ;;		Nothing
   247 ;; This function is called by:
   248 ;;		_main
   249 ;; This function uses a non-reentrant model
   250 ;;
   251                           
   252                           	psect	text1
   253  01FF76                     __ptext1:
   254                           	callstack 0
   255  01FF76                     _UserAppRun:
   256                           	callstack 127
   257  01FF76                     
   258                           ;user_app.c: 99:     static u16 su16Counter = 0x0000;;user_app.c: 100:     u8 u8LataValu
      +                          e;;user_app.c: 101:     static u8 su8LataDirection = 0x00;;user_app.c: 103:     if(su16C
      +                          ounter == 0x01F4)
   259  01FF76  0EF4               	movlw	244
   260  01FF78  180D               	xorwf	UserAppRun@su16Counter^(0+1280),w,c
   261  01FF7A  E106               	bnz	u21
   262  01FF7C  040E               	decf	(UserAppRun@su16Counter+1)^(0+1280),w,c
   263  01FF7E  A4D8               	btfss	status,2,c
   264  01FF80  EFC4  F0FF         	goto	u21
   265  01FF84  EFC6  F0FF         	goto	u20
   266  01FF88                     u21:
   267  01FF88  EFFB  F0FF         	goto	l809
   268  01FF8C                     u20:
   269  01FF8C                     
   270                           ;user_app.c: 104:     {;user_app.c: 105:         su16Counter = 0x0000;
   271  01FF8C  0E00               	movlw	0
   272  01FF8E  6E0E               	movwf	(UserAppRun@su16Counter+1)^(0+1280),c
   273  01FF90  0E00               	movlw	0
   274  01FF92  6E0D               	movwf	UserAppRun@su16Counter^(0+1280),c
   275  01FF94                     
   276                           ;user_app.c: 106:         u8LataValue = LATA & 0x7F;
   277  01FF94  50BE               	movf	190,w,c	;volatile
   278  01FF96  0B7F               	andlw	127
   279  01FF98  6E11               	movwf	UserAppRun@u8LataValue^(0+1280),c
   280  01FF9A                     
   281                           ;user_app.c: 108:         if(su8LataDirection == 0x00)
   282  01FF9A  500F               	movf	UserAppRun@su8LataDirection^(0+1280),w,c
   283  01FF9C  A4D8               	btfss	status,2,c
   284  01FF9E  EFD3  F0FF         	goto	u31
   285  01FFA2  EFD5  F0FF         	goto	u30
   286  01FFA6                     u31:
   287  01FFA6  EFD8  F0FF         	goto	l89
   288  01FFAA                     u30:
   289  01FFAA                     
   290                           ;user_app.c: 109:         {;user_app.c: 110:             u8LataValue = u8LataValue << 1;
   291  01FFAA  5011               	movf	UserAppRun@u8LataValue^(0+1280),w,c
   292  01FFAC  2411               	addwf	UserAppRun@u8LataValue^(0+1280),w,c
   293  01FFAE  6E11               	movwf	UserAppRun@u8LataValue^(0+1280),c
   294  01FFB0                     l89:
   295                           
   296                           ;user_app.c: 113:         if(su8LataDirection == 0x01)
   297  01FFB0  040F               	decf	UserAppRun@su8LataDirection^(0+1280),w,c
   298  01FFB2  A4D8               	btfss	status,2,c
   299  01FFB4  EFDE  F0FF         	goto	u41
   300  01FFB8  EFE0  F0FF         	goto	u40
   301  01FFBC                     u41:
   302  01FFBC  EFE3  F0FF         	goto	l90
   303  01FFC0                     u40:
   304  01FFC0                     
   305                           ;user_app.c: 114:         {;user_app.c: 115:             u8LataValue = u8LataValue >> 1;
   306  01FFC0  90D8               	bcf	status,0,c
   307  01FFC2  3011               	rrcf	UserAppRun@u8LataValue^(0+1280),w,c
   308  01FFC4  6E11               	movwf	UserAppRun@u8LataValue^(0+1280),c
   309  01FFC6                     l90:
   310                           
   311                           ;user_app.c: 118:         LATA = u8LataValue | 0x80;
   312  01FFC6  5011               	movf	UserAppRun@u8LataValue^(0+1280),w,c
   313  01FFC8  0980               	iorlw	128
   314  01FFCA  6EBE               	movwf	190,c	;volatile
   315                           
   316                           ;user_app.c: 120:         if(u8LataValue == 0x20)
   317  01FFCC  0E20               	movlw	32
   318  01FFCE  1811               	xorwf	UserAppRun@u8LataValue^(0+1280),w,c
   319  01FFD0  A4D8               	btfss	status,2,c
   320  01FFD2  EFED  F0FF         	goto	u51
   321  01FFD6  EFEF  F0FF         	goto	u50
   322  01FFDA                     u51:
   323  01FFDA  EFF1  F0FF         	goto	l805
   324  01FFDE                     u50:
   325  01FFDE                     
   326                           ;user_app.c: 121:         {;user_app.c: 122:             su8LataDirection = 1;
   327  01FFDE  0E01               	movlw	1
   328  01FFE0  6E0F               	movwf	UserAppRun@su8LataDirection^(0+1280),c
   329  01FFE2                     l805:
   330                           
   331                           ;user_app.c: 125:         if(u8LataValue == 0x01)
   332  01FFE2  0411               	decf	UserAppRun@u8LataValue^(0+1280),w,c
   333  01FFE4  A4D8               	btfss	status,2,c
   334  01FFE6  EFF7  F0FF         	goto	u61
   335  01FFEA  EFF9  F0FF         	goto	u60
   336  01FFEE                     u61:
   337  01FFEE  EFFB  F0FF         	goto	l809
   338  01FFF2                     u60:
   339  01FFF2                     
   340                           ;user_app.c: 126:         {;user_app.c: 127:             su8LataDirection = 0;
   341  01FFF2  0E00               	movlw	0
   342  01FFF4  6E0F               	movwf	UserAppRun@su8LataDirection^(0+1280),c
   343  01FFF6                     l809:
   344                           
   345                           ;user_app.c: 130:     su16Counter++;
   346  01FFF6  4A0D               	infsnz	UserAppRun@su16Counter^(0+1280),f,c
   347  01FFF8  2A0E               	incf	(UserAppRun@su16Counter+1)^(0+1280),f,c
   348  01FFFA  0012               	return		;funcret
   349  01FFFC                     __end_of_UserAppRun:
   350                           	callstack 0
   351                           
   352 ;; *************** function _UserAppInitialize *****************
   353 ;; Defined at:
   354 ;;		line 76 in file "user_app.c"
   355 ;; Parameters:    Size  Location     Type
   356 ;;		None
   357 ;; Auto vars:     Size  Location     Type
   358 ;;		None
   359 ;; Return value:  Size  Location     Type
   360 ;;                  1    wreg      void 
   361 ;; Registers used:
   362 ;;		wreg, status,2
   363 ;; Tracked objects:
   364 ;;		On entry : 0/0
   365 ;;		On exit  : 0/0
   366 ;;		Unchanged: 0/0
   367 ;; Data sizes:     COMRAM   BANK5   BANK6   BANK7   BANK8   BANK9  BANK10  BANK11  BANK12  BANK13  BANK14  BANK15  BANK1
      +6  BANK17  BANK18  BANK19  BANK20  BANK21  BANK22  BANK23  BANK24  BANK25  BANK26  BANK27  BANK28  BANK29  BANK30  BANK3
      +1  BANK32  BANK33  BANK34  BANK35  BANK36  BANK37
   368 ;;      Params:         0       0       0       0       0       0       0       0       0       0       0       0       
      +0       0       0       0       0       0       0       0       0       0       0       0       0       0       0       
      +0       0       0       0       0       0       0
   369 ;;      Locals:         0       0       0       0       0       0       0       0       0       0       0       0       
      +0       0       0       0       0       0       0       0       0       0       0       0       0       0       0       
      +0       0       0       0       0       0       0
   370 ;;      Temps:          0       0       0       0       0       0       0       0       0       0       0       0       
      +0       0       0       0       0       0       0       0       0       0       0       0       0       0       0       
      +0       0       0       0       0       0       0
   371 ;;      Totals:         0       0       0       0       0       0       0       0       0       0       0       0       
      +0       0       0       0       0       0       0       0       0       0       0       0       0       0       0       
      +0       0       0       0       0       0       0
   372 ;;Total ram usage:        0 bytes
   373 ;; Hardware stack levels used:    1
   374 ;; This function calls:
   375 ;;		Nothing
   376 ;; This function is called by:
   377 ;;		_main
   378 ;; This function uses a non-reentrant model
   379 ;;
   380                           
   381                           	psect	text2
   382  01FEAA                     __ptext2:
   383                           	callstack 0
   384  01FEAA                     _UserAppInitialize:
   385                           	callstack 127
   386  01FEAA                     
   387                           ;user_app.c: 78:     LATA = 0x81;
   388  01FEAA  0E81               	movlw	129
   389  01FEAC  6EBE               	movwf	190,c	;volatile
   390                           
   391                           ;user_app.c: 79:     T0CON0 = 0x90;
   392  01FEAE  0E90               	movlw	144
   393  01FEB0  0103               	movlb	3	; () banked
   394  01FEB2  6F1A               	movwf	26,b	;volatile
   395                           
   396                           ;user_app.c: 80:     T0CON1 = 0x54;
   397  01FEB4  0E54               	movlw	84
   398  01FEB6  6F1B               	movwf	27,b	;volatile
   399  01FEB8                     
   400                           ; BSR set to: 3
   401  01FEB8  0012               	return		;funcret
   402  01FEBA                     __end_of_UserAppInitialize:
   403                           	callstack 0
   404                           
   405 ;; *************** function _TimeXus *****************
   406 ;; Defined at:
   407 ;;		line 157 in file "encm369_pic18.c"
   408 ;; Parameters:    Size  Location     Type
   409 ;;  u16Microseco    2    0[COMRAM] unsigned short 
   410 ;; Auto vars:     Size  Location     Type
   411 ;;  u16InputDiff    2    4[COMRAM] unsigned short 
   412 ;;  u8InputHigh     1    3[COMRAM] unsigned char 
   413 ;;  u8InputLow      1    2[COMRAM] unsigned char 
   414 ;; Return value:  Size  Location     Type
   415 ;;                  1    wreg      void 
   416 ;; Registers used:
   417 ;;		wreg, status,2, status,0
   418 ;; Tracked objects:
   419 ;;		On entry : 0/0
   420 ;;		On exit  : 0/0
   421 ;;		Unchanged: 0/0
   422 ;; Data sizes:     COMRAM   BANK5   BANK6   BANK7   BANK8   BANK9  BANK10  BANK11  BANK12  BANK13  BANK14  BANK15  BANK1
      +6  BANK17  BANK18  BANK19  BANK20  BANK21  BANK22  BANK23  BANK24  BANK25  BANK26  BANK27  BANK28  BANK29  BANK30  BANK3
      +1  BANK32  BANK33  BANK34  BANK35  BANK36  BANK37
   423 ;;      Params:         2       0       0       0       0       0       0       0       0       0       0       0       
      +0       0       0       0       0       0       0       0       0       0       0       0       0       0       0       
      +0       0       0       0       0       0       0
   424 ;;      Locals:         4       0       0       0       0       0       0       0       0       0       0       0       
      +0       0       0       0       0       0       0       0       0       0       0       0       0       0       0       
      +0       0       0       0       0       0       0
   425 ;;      Temps:          0       0       0       0       0       0       0       0       0       0       0       0       
      +0       0       0       0       0       0       0       0       0       0       0       0       0       0       0       
      +0       0       0       0       0       0       0
   426 ;;      Totals:         6       0       0       0       0       0       0       0       0       0       0       0       
      +0       0       0       0       0       0       0       0       0       0       0       0       0       0       0       
      +0       0       0       0       0       0       0
   427 ;;Total ram usage:        6 bytes
   428 ;; Hardware stack levels used:    1
   429 ;; This function calls:
   430 ;;		Nothing
   431 ;; This function is called by:
   432 ;;		_main
   433 ;; This function uses a non-reentrant model
   434 ;;
   435                           
   436                           	psect	text3
   437  01FF36                     __ptext3:
   438                           	callstack 0
   439  01FF36                     _TimeXus:
   440                           	callstack 127
   441  01FF36                     
   442                           ;encm369_pic18.c: 157: void TimeXus(u16 u16Microseconds);encm369_pic18.c: 158: {;encm369
      +                          _pic18.c: 159:     T0CON0 = T0CON0 & 0x7F;
   443  01FF36  0103               	movlb	3	; () banked
   444  01FF38  511A               	movf	26,w,b	;volatile
   445  01FF3A  0B7F               	andlw	127
   446  01FF3C  6F1A               	movwf	26,b	;volatile
   447                           
   448                           ;encm369_pic18.c: 161:     u16 u16InputDifference = 0xFFFF - u16Microseconds;
   449  01FF3E  1C11               	comf	TimeXus@u16Microseconds^(0+1280),w,c
   450  01FF40  6E15               	movwf	TimeXus@u16InputDifference^(0+1280),c
   451  01FF42  1C12               	comf	(TimeXus@u16Microseconds+1)^(0+1280),w,c
   452  01FF44  6E16               	movwf	(TimeXus@u16InputDifference+1)^(0+1280),c
   453  01FF46                     
   454                           ; BSR set to: 3
   455                           ;encm369_pic18.c: 163:     u8 u8InputLow = u16InputDifference & 0xFF;
   456  01FF46  C515  F513         	movff	TimeXus@u16InputDifference,TimeXus@u8InputLow
   457  01FF4A                     
   458                           ; BSR set to: 3
   459                           ;encm369_pic18.c: 164:     u8 u8InputHigh = (u16InputDifference >> 8) & 0xFF;
   460  01FF4A  5016               	movf	(TimeXus@u16InputDifference+1)^(0+1280),w,c
   461  01FF4C  6E14               	movwf	TimeXus@u8InputHigh^(0+1280),c
   462  01FF4E                     
   463                           ; BSR set to: 3
   464                           ;encm369_pic18.c: 165:     TMR0L = u8InputLow;
   465  01FF4E  0061  F44C  F318   	movff	TimeXus@u8InputLow,792	;volatile
   466  01FF54                     
   467                           ; BSR set to: 3
   468                           ;encm369_pic18.c: 166:     TMR0H = u8InputHigh;
   469  01FF54  0061  F450  F319   	movff	TimeXus@u8InputHigh,793	;volatile
   470  01FF5A                     
   471                           ; BSR set to: 3
   472                           ;encm369_pic18.c: 168:     PIR3 = PIR3 & 0x7F;
   473  01FF5A  50B1               	movf	177,w,c	;volatile
   474  01FF5C  0B7F               	andlw	127
   475  01FF5E  6EB1               	movwf	177,c	;volatile
   476  01FF60                     
   477                           ; BSR set to: 3
   478                           ;encm369_pic18.c: 170:     T0CON0 = T0CON0 | 0x80;
   479  01FF60  511A               	movf	26,w,b	;volatile
   480  01FF62  0980               	iorlw	128
   481  01FF64  6F1A               	movwf	26,b	;volatile
   482  01FF66                     l37:
   483                           
   484                           ;encm369_pic18.c: 172:     while((PIR3 & 0x80) != 0x80)
   485  01FF66  AEB1               	btfss	177,7,c	;volatile
   486  01FF68  EFB8  F0FF         	goto	u71
   487  01FF6C  EFBA  F0FF         	goto	u70
   488  01FF70                     u71:
   489  01FF70  EFB3  F0FF         	goto	l37
   490  01FF74                     u70:
   491  01FF74  0012               	return		;funcret
   492  01FF76                     __end_of_TimeXus:
   493                           	callstack 0
   494                           
   495 ;; *************** function _SystemSleep *****************
   496 ;; Defined at:
   497 ;;		line 135 in file "encm369_pic18.c"
   498 ;; Parameters:    Size  Location     Type
   499 ;;		None
   500 ;; Auto vars:     Size  Location     Type
   501 ;;		None
   502 ;; Return value:  Size  Location     Type
   503 ;;                  1    wreg      void 
   504 ;; Registers used:
   505 ;;		None
   506 ;; Tracked objects:
   507 ;;		On entry : 0/0
   508 ;;		On exit  : 0/0
   509 ;;		Unchanged: 0/0
   510 ;; Data sizes:     COMRAM   BANK5   BANK6   BANK7   BANK8   BANK9  BANK10  BANK11  BANK12  BANK13  BANK14  BANK15  BANK1
      +6  BANK17  BANK18  BANK19  BANK20  BANK21  BANK22  BANK23  BANK24  BANK25  BANK26  BANK27  BANK28  BANK29  BANK30  BANK3
      +1  BANK32  BANK33  BANK34  BANK35  BANK36  BANK37
   511 ;;      Params:         0       0       0       0       0       0       0       0       0       0       0       0       
      +0       0       0       0       0       0       0       0       0       0       0       0       0       0       0       
      +0       0       0       0       0       0       0
   512 ;;      Locals:         0       0       0       0       0       0       0       0       0       0       0       0       
      +0       0       0       0       0       0       0       0       0       0       0       0       0       0       0       
      +0       0       0       0       0       0       0
   513 ;;      Temps:          0       0       0       0       0       0       0       0       0       0       0       0       
      +0       0       0       0       0       0       0       0       0       0       0       0       0       0       0       
      +0       0       0       0       0       0       0
   514 ;;      Totals:         0       0       0       0       0       0       0       0       0       0       0       0       
      +0       0       0       0       0       0       0       0       0       0       0       0       0       0       0       
      +0       0       0       0       0       0       0
   515 ;;Total ram usage:        0 bytes
   516 ;; Hardware stack levels used:    1
   517 ;; This function calls:
   518 ;;		Nothing
   519 ;; This function is called by:
   520 ;;		_main
   521 ;; This function uses a non-reentrant model
   522 ;;
   523                           
   524                           	psect	text4
   525  01FEA8                     __ptext4:
   526                           	callstack 0
   527  01FEA8                     _SystemSleep:
   528                           	callstack 127
   529  01FEA8  0012               	return		;funcret
   530  01FEAA                     __end_of_SystemSleep:
   531                           	callstack 0
   532                           
   533 ;; *************** function _SysTickSetup *****************
   534 ;; Defined at:
   535 ;;		line 113 in file "encm369_pic18.c"
   536 ;; Parameters:    Size  Location     Type
   537 ;;		None
   538 ;; Auto vars:     Size  Location     Type
   539 ;;		None
   540 ;; Return value:  Size  Location     Type
   541 ;;                  1    wreg      void 
   542 ;; Registers used:
   543 ;;		wreg, status,2
   544 ;; Tracked objects:
   545 ;;		On entry : 0/0
   546 ;;		On exit  : 0/0
   547 ;;		Unchanged: 0/0
   548 ;; Data sizes:     COMRAM   BANK5   BANK6   BANK7   BANK8   BANK9  BANK10  BANK11  BANK12  BANK13  BANK14  BANK15  BANK1
      +6  BANK17  BANK18  BANK19  BANK20  BANK21  BANK22  BANK23  BANK24  BANK25  BANK26  BANK27  BANK28  BANK29  BANK30  BANK3
      +1  BANK32  BANK33  BANK34  BANK35  BANK36  BANK37
   549 ;;      Params:         0       0       0       0       0       0       0       0       0       0       0       0       
      +0       0       0       0       0       0       0       0       0       0       0       0       0       0       0       
      +0       0       0       0       0       0       0
   550 ;;      Locals:         0       0       0       0       0       0       0       0       0       0       0       0       
      +0       0       0       0       0       0       0       0       0       0       0       0       0       0       0       
      +0       0       0       0       0       0       0
   551 ;;      Temps:          0       0       0       0       0       0       0       0       0       0       0       0       
      +0       0       0       0       0       0       0       0       0       0       0       0       0       0       0       
      +0       0       0       0       0       0       0
   552 ;;      Totals:         0       0       0       0       0       0       0       0       0       0       0       0       
      +0       0       0       0       0       0       0       0       0       0       0       0       0       0       0       
      +0       0       0       0       0       0       0
   553 ;;Total ram usage:        0 bytes
   554 ;; Hardware stack levels used:    1
   555 ;; This function calls:
   556 ;;		Nothing
   557 ;; This function is called by:
   558 ;;		_main
   559 ;; This function uses a non-reentrant model
   560 ;;
   561                           
   562                           	psect	text5
   563  01FEE2                     __ptext5:
   564                           	callstack 0
   565  01FEE2                     _SysTickSetup:
   566                           	callstack 127
   567  01FEE2                     
   568                           ;encm369_pic18.c: 115:   G_u32SystemTime1ms = 0;
   569  01FEE2  0E00               	movlw	0
   570  01FEE4  6E09               	movwf	_G_u32SystemTime1ms^(0+1280),c	;volatile
   571  01FEE6  0E00               	movlw	0
   572  01FEE8  6E0A               	movwf	(_G_u32SystemTime1ms+1)^(0+1280),c	;volatile
   573  01FEEA  0E00               	movlw	0
   574  01FEEC  6E0B               	movwf	(_G_u32SystemTime1ms+2)^(0+1280),c	;volatile
   575  01FEEE  0E00               	movlw	0
   576  01FEF0  6E0C               	movwf	(_G_u32SystemTime1ms+3)^(0+1280),c	;volatile
   577                           
   578                           ;encm369_pic18.c: 116:   G_u32SystemTime1s = 0;
   579  01FEF2  0E00               	movlw	0
   580  01FEF4  6E05               	movwf	_G_u32SystemTime1s^(0+1280),c	;volatile
   581  01FEF6  0E00               	movlw	0
   582  01FEF8  6E06               	movwf	(_G_u32SystemTime1s+1)^(0+1280),c	;volatile
   583  01FEFA  0E00               	movlw	0
   584  01FEFC  6E07               	movwf	(_G_u32SystemTime1s+2)^(0+1280),c	;volatile
   585  01FEFE  0E00               	movlw	0
   586  01FF00  6E08               	movwf	(_G_u32SystemTime1s+3)^(0+1280),c	;volatile
   587  01FF02  0012               	return		;funcret
   588  01FF04                     __end_of_SysTickSetup:
   589                           	callstack 0
   590                           
   591 ;; *************** function _GpioSetup *****************
   592 ;; Defined at:
   593 ;;		line 89 in file "encm369_pic18.c"
   594 ;; Parameters:    Size  Location     Type
   595 ;;		None
   596 ;; Auto vars:     Size  Location     Type
   597 ;;		None
   598 ;; Return value:  Size  Location     Type
   599 ;;                  1    wreg      void 
   600 ;; Registers used:
   601 ;;		wreg, status,2
   602 ;; Tracked objects:
   603 ;;		On entry : 0/0
   604 ;;		On exit  : 0/0
   605 ;;		Unchanged: 0/0
   606 ;; Data sizes:     COMRAM   BANK5   BANK6   BANK7   BANK8   BANK9  BANK10  BANK11  BANK12  BANK13  BANK14  BANK15  BANK1
      +6  BANK17  BANK18  BANK19  BANK20  BANK21  BANK22  BANK23  BANK24  BANK25  BANK26  BANK27  BANK28  BANK29  BANK30  BANK3
      +1  BANK32  BANK33  BANK34  BANK35  BANK36  BANK37
   607 ;;      Params:         0       0       0       0       0       0       0       0       0       0       0       0       
      +0       0       0       0       0       0       0       0       0       0       0       0       0       0       0       
      +0       0       0       0       0       0       0
   608 ;;      Locals:         0       0       0       0       0       0       0       0       0       0       0       0       
      +0       0       0       0       0       0       0       0       0       0       0       0       0       0       0       
      +0       0       0       0       0       0       0
   609 ;;      Temps:          0       0       0       0       0       0       0       0       0       0       0       0       
      +0       0       0       0       0       0       0       0       0       0       0       0       0       0       0       
      +0       0       0       0       0       0       0
   610 ;;      Totals:         0       0       0       0       0       0       0       0       0       0       0       0       
      +0       0       0       0       0       0       0       0       0       0       0       0       0       0       0       
      +0       0       0       0       0       0       0
   611 ;;Total ram usage:        0 bytes
   612 ;; Hardware stack levels used:    1
   613 ;; This function calls:
   614 ;;		Nothing
   615 ;; This function is called by:
   616 ;;		_main
   617 ;; This function uses a non-reentrant model
   618 ;;
   619                           
   620                           	psect	text6
   621  01FECC                     __ptext6:
   622                           	callstack 0
   623  01FECC                     _GpioSetup:
   624                           	callstack 127
   625  01FECC                     
   626                           ;encm369_pic18.c: 91:     TRISA = 0x00;
   627  01FECC  0E00               	movlw	0
   628  01FECE  6EC6               	movwf	198,c	;volatile
   629                           
   630                           ;encm369_pic18.c: 92:     ANSELA = 0x00;
   631  01FED0  0E00               	movlw	0
   632  01FED2  0104               	movlb	4	; () banked
   633  01FED4  6F00               	movwf	0,b	;volatile
   634                           
   635                           ;encm369_pic18.c: 93:     LATA = 0x80;
   636  01FED6  0E80               	movlw	128
   637  01FED8  6EBE               	movwf	190,c	;volatile
   638  01FEDA                     
   639                           ; BSR set to: 4
   640                           ;encm369_pic18.c: 95:     TRISB = 0xFF;
   641  01FEDA  68C7               	setf	199,c	;volatile
   642                           
   643                           ;encm369_pic18.c: 96:     ANSELB = 0x00;
   644  01FEDC  0E00               	movlw	0
   645  01FEDE  6F08               	movwf	8,b	;volatile
   646  01FEE0                     
   647                           ; BSR set to: 4
   648  01FEE0  0012               	return		;funcret
   649  01FEE2                     __end_of_GpioSetup:
   650                           	callstack 0
   651                           
   652 ;; *************** function _ClockSetup *****************
   653 ;; Defined at:
   654 ;;		line 70 in file "encm369_pic18.c"
   655 ;; Parameters:    Size  Location     Type
   656 ;;		None
   657 ;; Auto vars:     Size  Location     Type
   658 ;;		None
   659 ;; Return value:  Size  Location     Type
   660 ;;                  1    wreg      void 
   661 ;; Registers used:
   662 ;;		None
   663 ;; Tracked objects:
   664 ;;		On entry : 0/0
   665 ;;		On exit  : 0/0
   666 ;;		Unchanged: 0/0
   667 ;; Data sizes:     COMRAM   BANK5   BANK6   BANK7   BANK8   BANK9  BANK10  BANK11  BANK12  BANK13  BANK14  BANK15  BANK1
      +6  BANK17  BANK18  BANK19  BANK20  BANK21  BANK22  BANK23  BANK24  BANK25  BANK26  BANK27  BANK28  BANK29  BANK30  BANK3
      +1  BANK32  BANK33  BANK34  BANK35  BANK36  BANK37
   668 ;;      Params:         0       0       0       0       0       0       0       0       0       0       0       0       
      +0       0       0       0       0       0       0       0       0       0       0       0       0       0       0       
      +0       0       0       0       0       0       0
   669 ;;      Locals:         0       0       0       0       0       0       0       0       0       0       0       0       
      +0       0       0       0       0       0       0       0       0       0       0       0       0       0       0       
      +0       0       0       0       0       0       0
   670 ;;      Temps:          0       0       0       0       0       0       0       0       0       0       0       0       
      +0       0       0       0       0       0       0       0       0       0       0       0       0       0       0       
      +0       0       0       0       0       0       0
   671 ;;      Totals:         0       0       0       0       0       0       0       0       0       0       0       0       
      +0       0       0       0       0       0       0       0       0       0       0       0       0       0       0       
      +0       0       0       0       0       0       0
   672 ;;Total ram usage:        0 bytes
   673 ;; Hardware stack levels used:    1
   674 ;; This function calls:
   675 ;;		Nothing
   676 ;; This function is called by:
   677 ;;		_main
   678 ;; This function uses a non-reentrant model
   679 ;;
   680                           
   681                           	psect	text7
   682  01FEA6                     __ptext7:
   683                           	callstack 0
   684  01FEA6                     _ClockSetup:
   685                           	callstack 127
   686  01FEA6  0012               	return		;funcret
   687  01FEA8                     __end_of_ClockSetup:
   688                           	callstack 0
   689  0000                     
   690                           	psect	rparam
   691  0000                     
   692                           	psect	idloc
   693                           
   694                           ;Config register IDLOC0 @ 0x200000
   695                           ;	unspecified, using default values
   696  200000                     	org	2097152
   697  200000  0FFF               	dw	4095
   698                           
   699                           ;Config register IDLOC1 @ 0x200002
   700                           ;	unspecified, using default values
   701  200002                     	org	2097154
   702  200002  0FFF               	dw	4095
   703                           
   704                           ;Config register IDLOC2 @ 0x200004
   705                           ;	unspecified, using default values
   706  200004                     	org	2097156
   707  200004  0FFF               	dw	4095
   708                           
   709                           ;Config register IDLOC3 @ 0x200006
   710                           ;	unspecified, using default values
   711  200006                     	org	2097158
   712  200006  0FFF               	dw	4095
   713                           
   714                           ;Config register IDLOC4 @ 0x200008
   715                           ;	unspecified, using default values
   716  200008                     	org	2097160
   717  200008  0FFF               	dw	4095
   718                           
   719                           ;Config register IDLOC5 @ 0x20000A
   720                           ;	unspecified, using default values
   721  20000A                     	org	2097162
   722  20000A  0FFF               	dw	4095
   723                           
   724                           ;Config register IDLOC6 @ 0x20000C
   725                           ;	unspecified, using default values
   726  20000C                     	org	2097164
   727  20000C  0FFF               	dw	4095
   728                           
   729                           ;Config register IDLOC7 @ 0x20000E
   730                           ;	unspecified, using default values
   731  20000E                     	org	2097166
   732  20000E  0FFF               	dw	4095
   733                           
   734                           ;Config register IDLOC8 @ 0x200010
   735                           ;	unspecified, using default values
   736  200010                     	org	2097168
   737  200010  0FFF               	dw	4095
   738                           
   739                           ;Config register IDLOC9 @ 0x200012
   740                           ;	unspecified, using default values
   741  200012                     	org	2097170
   742  200012  0FFF               	dw	4095
   743                           
   744                           ;Config register IDLOC10 @ 0x200014
   745                           ;	unspecified, using default values
   746  200014                     	org	2097172
   747  200014  0FFF               	dw	4095
   748                           
   749                           ;Config register IDLOC11 @ 0x200016
   750                           ;	unspecified, using default values
   751  200016                     	org	2097174
   752  200016  0FFF               	dw	4095
   753                           
   754                           ;Config register IDLOC12 @ 0x200018
   755                           ;	unspecified, using default values
   756  200018                     	org	2097176
   757  200018  0FFF               	dw	4095
   758                           
   759                           ;Config register IDLOC13 @ 0x20001A
   760                           ;	unspecified, using default values
   761  20001A                     	org	2097178
   762  20001A  0FFF               	dw	4095
   763                           
   764                           ;Config register IDLOC14 @ 0x20001C
   765                           ;	unspecified, using default values
   766  20001C                     	org	2097180
   767  20001C  0FFF               	dw	4095
   768                           
   769                           ;Config register IDLOC15 @ 0x20001E
   770                           ;	unspecified, using default values
   771  20001E                     	org	2097182
   772  20001E  0FFF               	dw	4095
   773                           
   774                           	psect	config
   775                           
   776                           ;Config register CONFIG1 @ 0x300000
   777                           ;	External Oscillator Selection
   778                           ;	FEXTOSC = OFF, Oscillator not enabled
   779                           ;	Reset Oscillator Selection
   780                           ;	RSTOSC = HFINTOSC_64MHZ, HFINTOSC with HFFRQ = 64 MHz and CDIV = 1:1
   781  300000                     	org	3145728
   782  300000  8C                 	db	140
   783                           
   784                           ;Config register CONFIG2 @ 0x300001
   785                           ;	Clock out Enable bit
   786                           ;	CLKOUTEN = ON, CLKOUT function is enabled
   787                           ;	PRLOCKED One-Way Set Enable bit
   788                           ;	PR1WAY = ON, PRLOCKED bit can be cleared and set only once
   789                           ;	Clock Switch Enable bit
   790                           ;	CSWEN = ON, Writing to NOSC and NDIV is allowed
   791                           ;	Fail-Safe Clock Monitor Enable bit
   792                           ;	FCMEN = ON, Fail-Safe Clock Monitor enabled
   793  300001                     	org	3145729
   794  300001  FE                 	db	254
   795                           
   796                           ;Config register CONFIG3 @ 0x300002
   797                           ;	MCLR Enable bit
   798                           ;	MCLRE = EXTMCLR, If LVP = 0, MCLR pin is MCLR; If LVP = 1, RE3 pin function is MCLR
   799                           ;	Power-up timer selection bits
   800                           ;	PWRTS = PWRT_OFF, PWRT is disabled
   801                           ;	Multi-vector enable bit
   802                           ;	MVECEN = ON, Multi-vector enabled, Vector table used for interrupts
   803                           ;	IVTLOCK bit One-way set enable bit
   804                           ;	IVT1WAY = ON, IVTLOCKED bit can be cleared and set only once
   805                           ;	Low Power BOR Enable bit
   806                           ;	LPBOREN = OFF, Low-Power BOR disabled
   807                           ;	Brown-out Reset Enable bits
   808                           ;	BOREN = SBORDIS, Brown-out Reset enabled , SBOREN bit is ignored
   809  300002                     	org	3145730
   810  300002  FF                 	db	255
   811                           
   812                           ;Config register CONFIG4 @ 0x300003
   813                           ;	Brown-out Reset Voltage Selection bits
   814                           ;	BORV = VBOR_2P85, Brown-out Reset Voltage (VBOR) set to 2.8V
   815                           ;	ZCD Disable bit
   816                           ;	ZCD = OFF, ZCD module is disabled. ZCD can be enabled by setting the ZCDSEN bit of ZCD
      +                          CON
   817                           ;	PPSLOCK bit One-Way Set Enable bit
   818                           ;	PPS1WAY = ON, PPSLOCKED bit can be cleared and set only once; PPS registers remain loc
      +                          ked after one clear/set cycle
   819                           ;	Stack Full/Underflow Reset Enable bit
   820                           ;	STVREN = ON, Stack full/underflow will cause Reset
   821                           ;	Low Voltage Programming Enable bit
   822                           ;	LVP = ON, Low voltage programming enabled. MCLR/VPP pin function is MCLR. MCLRE config
      +                          uration bit is ignored
   823                           ;	Extended Instruction Set Enable bit
   824                           ;	XINST = OFF, Extended Instruction Set and Indexed Addressing Mode disabled
   825  300003                     	org	3145731
   826  300003  FC                 	db	252
   827                           
   828                           ;Config register CONFIG5 @ 0x300004
   829                           ;	WDT Period selection bits
   830                           ;	WDTCPS = WDTCPS_31, Divider ratio 1:65536; software control of WDTPS
   831                           ;	WDT operating mode
   832                           ;	WDTE = OFF, WDT Disabled; SWDTEN is ignored
   833  300004                     	org	3145732
   834  300004  9F                 	db	159
   835                           
   836                           ;Config register CONFIG6 @ 0x300005
   837                           ;	WDT Window Select bits
   838                           ;	WDTCWS = WDTCWS_7, window always open (100%); software control; keyed access not requi
      +                          red
   839                           ;	WDT input clock selector
   840                           ;	WDTCCS = SC, Software Control
   841  300005                     	org	3145733
   842  300005  FF                 	db	255
   843                           
   844                           ;Config register CONFIG7 @ 0x300006
   845                           ;	Boot Block Size selection bits
   846                           ;	BBSIZE = BBSIZE_512, Boot Block size is 512 words
   847                           ;	Boot Block enable bit
   848                           ;	BBEN = OFF, Boot block disabled
   849                           ;	Storage Area Flash enable bit
   850                           ;	SAFEN = OFF, SAF disabled
   851                           ;	Background Debugger
   852                           ;	DEBUG = OFF, Background Debugger disabled
   853  300006                     	org	3145734
   854  300006  FF                 	db	255
   855                           
   856                           ;Config register CONFIG8 @ 0x300007
   857                           ;	Boot Block Write Protection bit
   858                           ;	WRTB = OFF, Boot Block not Write protected
   859                           ;	Configuration Register Write Protection bit
   860                           ;	WRTC = OFF, Configuration registers not Write protected
   861                           ;	Data EEPROM Write Protection bit
   862                           ;	WRTD = OFF, Data EEPROM not Write protected
   863                           ;	SAF Write protection bit
   864                           ;	WRTSAF = OFF, SAF not Write Protected
   865                           ;	Application Block write protection bit
   866                           ;	WRTAPP = OFF, Application Block not write protected
   867  300007                     	org	3145735
   868  300007  FF                 	db	255
   869                           
   870                           ; Padding undefined space
   871  300008                     	org	3145736
   872  300008  FF                 	db	255
   873                           
   874                           ;Config register CONFIG10 @ 0x300009
   875                           ;	PFM and Data EEPROM Code Protection bit
   876                           ;	CP = OFF, PFM and Data EEPROM code protection disabled
   877  300009                     	org	3145737
   878  300009  FF                 	db	255
   879                           tosu	equ	0x4FF
   880                           tosh	equ	0x4FE
   881                           tosl	equ	0x4FD
   882                           stkptr	equ	0x4FC
   883                           pclatu	equ	0x4FB
   884                           pclath	equ	0x4FA
   885                           pcl	equ	0x4F9
   886                           tblptru	equ	0x4F8
   887                           tblptrh	equ	0x4F7
   888                           tblptrl	equ	0x4F6
   889                           tablat	equ	0x4F5
   890                           prodh	equ	0x4F4
   891                           prodl	equ	0x4F3
   892                           indf0	equ	0x4EF
   893                           postinc0	equ	0x4EE
   894                           postdec0	equ	0x4ED
   895                           preinc0	equ	0x4EC
   896                           plusw0	equ	0x4EB
   897                           fsr0h	equ	0x4EA
   898                           fsr0l	equ	0x4E9
   899                           wreg	equ	0x4E8
   900                           indf1	equ	0x4E7
   901                           postinc1	equ	0x4E6
   902                           postdec1	equ	0x4E5
   903                           preinc1	equ	0x4E4
   904                           plusw1	equ	0x4E3
   905                           fsr1h	equ	0x4E2
   906                           fsr1l	equ	0x4E1
   907                           bsr	equ	0x4E0
   908                           indf2	equ	0x4DF
   909                           postinc2	equ	0x4DE
   910                           postdec2	equ	0x4DD
   911                           preinc2	equ	0x4DC
   912                           plusw2	equ	0x4DB
   913                           fsr2h	equ	0x4DA
   914                           fsr2l	equ	0x4D9
   915                           status	equ	0x4D8

Data Sizes:
    Strings     0
    Constant    0
    Data        0
    BSS         16
    Persistent  0
    Stack       0

Auto Spaces:
    Space          Size  Autos    Used
    COMRAM           95      6      22
    BANK5           160      0       0
    BANK6           256      0       0
    BANK7           256      0       0
    BANK8           256      0       0
    BANK9           256      0       0
    BANK10          256      0       0
    BANK11          256      0       0
    BANK12          256      0       0
    BANK13          256      0       0
    BANK14          256      0       0
    BANK15          256      0       0
    BANK16          256      0       0
    BANK17          256      0       0
    BANK18          256      0       0
    BANK19          256      0       0
    BANK20          256      0       0
    BANK21          256      0       0
    BANK22          256      0       0
    BANK23          256      0       0
    BANK24          256      0       0
    BANK25          256      0       0
    BANK26          256      0       0
    BANK27          256      0       0
    BANK28          256      0       0
    BANK29          256      0       0
    BANK30          256      0       0
    BANK31          256      0       0
    BANK32          256      0       0
    BANK33          256      0       0
    BANK34          256      0       0
    BANK35          256      0       0
    BANK36          256      0       0
    BANK37          256      0       0

Pointer List with Targets:

    None.

Critical Paths under _main in COMRAM

    _main->_TimeXus

Critical Paths under _main in BANK5

    None.

Critical Paths under _main in BANK6

    None.

Critical Paths under _main in BANK7

    None.

Critical Paths under _main in BANK8

    None.

Critical Paths under _main in BANK9

    None.

Critical Paths under _main in BANK10

    None.

Critical Paths under _main in BANK11

    None.

Critical Paths under _main in BANK12

    None.

Critical Paths under _main in BANK13

    None.

Critical Paths under _main in BANK14

    None.

Critical Paths under _main in BANK15

    None.

Critical Paths under _main in BANK16

    None.

Critical Paths under _main in BANK17

    None.

Critical Paths under _main in BANK18

    None.

Critical Paths under _main in BANK19

    None.

Critical Paths under _main in BANK20

    None.

Critical Paths under _main in BANK21

    None.

Critical Paths under _main in BANK22

    None.

Critical Paths under _main in BANK23

    None.

Critical Paths under _main in BANK24

    None.

Critical Paths under _main in BANK25

    None.

Critical Paths under _main in BANK26

    None.

Critical Paths under _main in BANK27

    None.

Critical Paths under _main in BANK28

    None.

Critical Paths under _main in BANK29

    None.

Critical Paths under _main in BANK30

    None.

Critical Paths under _main in BANK31

    None.

Critical Paths under _main in BANK32

    None.

Critical Paths under _main in BANK33

    None.

Critical Paths under _main in BANK34

    None.

Critical Paths under _main in BANK35

    None.

Critical Paths under _main in BANK36

    None.

Critical Paths under _main in BANK37

    None.

Call Graph Tables:

 ---------------------------------------------------------------------------------
 (Depth) Function   	        Calls       Base Space   Used Autos Params    Refs
 ---------------------------------------------------------------------------------
 (0) _main                                                 0     0      0     264
                         _ClockSetup
                          _GpioSetup
                       _SysTickSetup
                        _SystemSleep
                            _TimeXus
                  _UserAppInitialize
                         _UserAppRun
 ---------------------------------------------------------------------------------
 (1) _UserAppRun                                           1     1      0      75
                                              0 COMRAM     1     1      0
 ---------------------------------------------------------------------------------
 (1) _UserAppInitialize                                    0     0      0       0
 ---------------------------------------------------------------------------------
 (1) _TimeXus                                              6     4      2     189
                                              0 COMRAM     6     4      2
 ---------------------------------------------------------------------------------
 (1) _SystemSleep                                          0     0      0       0
 ---------------------------------------------------------------------------------
 (1) _SysTickSetup                                         0     0      0       0
 ---------------------------------------------------------------------------------
 (1) _GpioSetup                                            0     0      0       0
 ---------------------------------------------------------------------------------
 (1) _ClockSetup                                           0     0      0       0
 ---------------------------------------------------------------------------------
 Estimated maximum stack depth 1
 ---------------------------------------------------------------------------------

 Call Graph Graphs:

 _main (ROOT)
   _ClockSetup
   _GpioSetup
   _SysTickSetup
   _SystemSleep
   _TimeXus
   _UserAppInitialize
   _UserAppRun

 Address spaces:
Name               Size   Autos  Total    Cost      Usage
BIGRAM            20FF      0       0      71        0.0%
EEDATA             400      0       0       0        0.0%
BITBANK37          100      0       0      70        0.0%
BANK37             100      0       0      68        0.0%
BITBANK36          100      0       0      66        0.0%
BANK36             100      0       0      67        0.0%
BITBANK35          100      0       0      64        0.0%
BANK35             100      0       0      65        0.0%
BITBANK34          100      0       0      62        0.0%
BANK34             100      0       0      63        0.0%
BITBANK33          100      0       0      60        0.0%
BANK33             100      0       0      61        0.0%
BITBANK32          100      0       0      58        0.0%
BANK32             100      0       0      59        0.0%
BITBANK31          100      0       0      56        0.0%
BANK31             100      0       0      57        0.0%
BITBANK30          100      0       0      54        0.0%
BANK30             100      0       0      55        0.0%
BITBANK29          100      0       0      52        0.0%
BANK29             100      0       0      53        0.0%
BITBANK28          100      0       0      50        0.0%
BANK28             100      0       0      51        0.0%
BITBANK27          100      0       0      48        0.0%
BANK27             100      0       0      49        0.0%
BITBANK26          100      0       0      46        0.0%
BANK26             100      0       0      47        0.0%
BITBANK25          100      0       0      44        0.0%
BANK25             100      0       0      45        0.0%
BITBANK24          100      0       0      42        0.0%
BANK24             100      0       0      43        0.0%
BITBANK23          100      0       0      40        0.0%
BANK23             100      0       0      41        0.0%
BITBANK22          100      0       0      38        0.0%
BANK22             100      0       0      39        0.0%
BITBANK21          100      0       0      36        0.0%
BANK21             100      0       0      37        0.0%
BITBANK20          100      0       0      34        0.0%
BANK20             100      0       0      35        0.0%
BITBANK19          100      0       0      32        0.0%
BANK19             100      0       0      33        0.0%
BITBANK18          100      0       0      30        0.0%
BANK18             100      0       0      31        0.0%
BITBANK17          100      0       0      28        0.0%
BANK17             100      0       0      29        0.0%
BITBANK16          100      0       0      26        0.0%
BANK16             100      0       0      27        0.0%
BITBANK15          100      0       0      24        0.0%
BANK15             100      0       0      25        0.0%
BITBANK14          100      0       0      22        0.0%
BANK14             100      0       0      23        0.0%
BITBANK13          100      0       0      20        0.0%
BANK13             100      0       0      21        0.0%
BITBANK12          100      0       0      18        0.0%
BANK12             100      0       0      19        0.0%
BITBANK11          100      0       0      16        0.0%
BANK11             100      0       0      17        0.0%
BITBANK10          100      0       0      14        0.0%
BANK10             100      0       0      15        0.0%
BITBANK9           100      0       0      12        0.0%
BANK9              100      0       0      13        0.0%
BITBANK8           100      0       0      10        0.0%
BANK8              100      0       0      11        0.0%
BITBANK7           100      0       0       8        0.0%
BANK7              100      0       0       9        0.0%
BITBANK6           100      0       0       6        0.0%
BANK6              100      0       0       7        0.0%
BITBANK5            A0      0       0       4        0.0%
BANK5               A0      0       0       5        0.0%
BITCOMRAM           5F      0       0       0        0.0%
COMRAM              5F      6      16       1       23.2%
BITSFR_5             0      0       0     200        0.0%
SFR_5                0      0       0     200        0.0%
BITSFR_4             0      0       0     200        0.0%
SFR_4                0      0       0     200        0.0%
BITSFR_3             0      0       0     200        0.0%
SFR_3                0      0       0     200        0.0%
BITSFR_2             0      0       0     200        0.0%
SFR_2                0      0       0     200        0.0%
BITSFR_1             0      0       0     200        0.0%
SFR_1                0      0       0     200        0.0%
BITSFR               0      0       0     200        0.0%
SFR                  0      0       0     200        0.0%
STACK                0      0       0       2        0.0%
NULL                 0      0       0       0        0.0%
ABS                  0      0      16      69        0.0%
DATA                 0      0      16       3        0.0%
CODE                 0      0       0       0        0.0%


Microchip Technology PIC18 Macro Assembler V2.31 build 20201012212115 
Symbol Table                                                                                   Thu Mar 04 01:57:36 2021

     __size_of_SysTickSetup 0022                          l31 FF02                          l40 FF74  
                        l25 FEA6                          l34 FEA8                          l28 FEE0  
                        l37 FF66                          l81 FEB8                          l90 FFC6  
                        l93 FFFA                          l89 FFB0                          u20 FF8C  
                        u21 FF88                          u30 FFAA                          u31 FFA6  
                        u40 FFC0                          u41 FFBC                          u50 FFDE  
                        u51 FFDA                          u60 FFF2                          u61 FFEE  
                        u70 FF74                          u71 FF70                         l801 FFC0  
                       l803 FFDE                         l805 FFE2                         l831 FEE2  
                       l807 FFF2                         l841 FF54                         l833 FF36  
                       l809 FFF6                         l771 FEDA                         l843 FF5A  
                       l835 FF46                         l851 FF0A                         l845 FF60  
                       l837 FF4A                         l861 FF1C                         l853 FF0E  
                       l839 FF4E                         l791 FF76                         l863 FF20  
                       l855 FF12                         l847 FF04                         l769 FECC  
                       l793 FF8C                         l865 FF2C                         l857 FF16  
                       l849 FF06                         l795 FF94                         l859 FF1A  
                       l789 FEAA                         l797 FF9A                         l799 FFAA  
                       wreg 0004E8                        _LATA 0004BE                        _PIR3 0004B1  
                      _main FF04                _SysTickSetup FEE2                        start FFFC  
      __size_of_SystemSleep 0002                ___param_bank 000000                  _ClockSetup FEA6  
           __end_of_TimeXus FF76                       ?_main 0511                       _TMR0H 000319  
                     _TMR0L 000318                       _TRISA 0004C6                       _TRISB 0004C7  
 TimeXus@u16InputDifference 0515                       status 0004D8             __initialization FEBA  
              __end_of_main FF36                      ??_main 0517               __activetblptr 000000  
        TimeXus@u8InputHigh 0514                      _ANSELA 000400                      _ANSELB 000408  
                    _T0CON0 00031A                      _T0CON1 00031B          __size_of_GpioSetup 0016  
                 ??_TimeXus 0513  UserAppRun@su8LataDirection 050F                 ?_ClockSetup 0511  
                    clear_0 FEC0       UserAppRun@u8LataValue 0511                  _UserAppRun FF76  
                __accesstop 0560     __end_of__initialization FEC6               ___rparam_used 000001  
          _G_u8UserAppFlags 0510              __pcstackCOMRAM 0511      TimeXus@u16Microseconds 0511  
         __end_of_GpioSetup FEE2         __size_of_ClockSetup 0002                 ?_UserAppRun 0511  
             ??_SystemSleep 0511                     __Hparam 0000                     __Lparam 0000  
                   _TimeXus FF36                     __pcinit FEBA                     __ramtop 2600  
                   __ptext0 FF04                     __ptext1 FF76                     __ptext2 FEAA  
                   __ptext3 FF36                     __ptext4 FEA8                     __ptext5 FEE2  
                   __ptext6 FECC                     __ptext7 FEA6        end_of_initialization FEC6  
          _G_u32SystemFlags 0501                     postinc0 0004EE         __end_of_SystemSleep FEAA  
     UserAppRun@su16Counter 050D                ??_ClockSetup 0511         __size_of_UserAppRun 0086  
        __end_of_ClockSetup FEA8                   _GpioSetup FECC         start_initialization FEBA  
             ?_SysTickSetup 0511           TimeXus@u8InputLow 0513                 _SystemSleep FEA8  
                ?_GpioSetup 0511                 __pbssCOMRAM 0501           _UserAppInitialize FEAA  
              ??_UserAppRun 0511          ?_UserAppInitialize 0511              ??_SysTickSetup 0511  
       ??_UserAppInitialize 0511                    ?_TimeXus 0511          __end_of_UserAppRun FFFC  
 __end_of_UserAppInitialize FEBA                 ??_GpioSetup 0511                    __Hrparam 0000  
                  __Lrparam 0000            __size_of_TimeXus 0040        __end_of_SysTickSetup FF04  
__size_of_UserAppInitialize 0010               __size_of_main 0032                ?_SystemSleep 0511  
        _G_u32SystemTime1ms 0509           _G_u32SystemTime1s 0505  
