

Microchip MPLAB XC8 Assembler V2.31 build 20201012212115 
                                                                                               Wed Feb 24 13:55:07 2021

Microchip MPLAB XC8 C Compiler v2.31 (Free license) build 20201012212115 Og1 
     1                           	processor	18F27Q43
     2                           	fnconf	rparam,??,?,0
     3                           	pagewidth 120
     4                           	opt	flic
     5                           	psect	cinit,global,reloc=2,class=CODE,delta=1
     6                           	psect	bssCOMRAM,global,class=COMRAM,space=1,delta=1,lowdata,noexec
     7                           	psect	cstackCOMRAM,global,class=COMRAM,space=1,delta=1,lowdata,noexec
     8                           	psect	text0,global,reloc=2,class=CODE,delta=1
     9                           	psect	text1,global,reloc=2,class=CODE,delta=1
    10                           	psect	text2,global,reloc=2,class=CODE,delta=1
    11                           	psect	text3,global,reloc=2,class=CODE,delta=1
    12                           	psect	text4,global,reloc=2,class=CODE,delta=1
    13                           	psect	text5,global,reloc=2,class=CODE,delta=1
    14                           	psect	text6,global,reloc=2,class=CODE,delta=1
    15                           	psect	intsave_regs,global,class=BIGRAM,space=1,delta=1,noexec
    16                           	psect	rparam,global,class=COMRAM,space=1,delta=1,noexec
    17                           	psect	idloc,global,abs,ovrld,class=IDLOC,space=5,delta=1,noexec
    18                           	psect	config,global,abs,ovrld,class=CONFIG,space=4,delta=1,noexec
    19  0000                     
    20                           ; Version 2.30
    21                           ; Generated 20/08/2020 GMT
    22                           ; 
    23                           ; Copyright © 2020, Microchip Technology Inc. and its subsidiaries ("Microchip")
    24                           ; All rights reserved.
    25                           ; 
    26                           ; This software is developed by Microchip Technology Inc. and its subsidiaries ("Microch
      +                          ip").
    27                           ; 
    28                           ; Redistribution and use in source and binary forms, with or without modification, are
    29                           ; permitted provided that the following conditions are met:
    30                           ; 
    31                           ;     1. Redistributions of source code must retain the above copyright notice, this lis
      +                          t of
    32                           ;        conditions and the following disclaimer.
    33                           ; 
    34                           ;     2. Redistributions in binary form must reproduce the above copyright notice, this 
      +                          list
    35                           ;        of conditions and the following disclaimer in the documentation and/or other
    36                           ;        materials provided with the distribution. Publication is not required when
    37                           ;        this file is used in an embedded application.
    38                           ; 
    39                           ;     3. Microchip's name may not be used to endorse or promote products derived from th
      +                          is
    40                           ;        software without specific prior written permission.
    41                           ; 
    42                           ; THIS SOFTWARE IS PROVIDED BY MICROCHIP "AS IS" AND ANY EXPRESS OR IMPLIED WARRANTIES,
    43                           ; INCLUDING, BUT NOT LIMITED TO, THE IMPLIED WARRANTIES OF MERCHANTABILITY AND FITNESS F
      +                          OR
    44                           ; PURPOSE ARE DISCLAIMED.  IN NO EVENT SHALL MICROCHIP BE LIABLE FOR ANY DIRECT, INDIREC
      +                          T,
    45                           ; INCIDENTAL, SPECIAL, EXEMPLARY, OR CONSEQUENTIAL DAMAGES (INCLUDING BUT NOT LIMITED TO
    46                           ; PROCUREMENT OF SUBSTITUTE GOODS OR SERVICES; LOSS OF USE, DATA OR PROFITS; OR BUSINESS
    47                           ; INTERRUPTION) HOWSOEVER CAUSED AND ON ANY THEORY OF LIABILITY, WHETHER IN CONTRACT, ST
      +                          RICT
    48                           ; LIABILITY, OR TORT (INCLUDING NEGLIGENCE OR OTHERWISE) ARISING IN ANY WAY OUT OF THE U
      +                          SE OF
    49                           ; THIS SOFTWARE, EVEN IF ADVISED OF THE POSSIBILITY OF SUCH DAMAGE.
    50                           ; 
    51                           ; 
    52                           ; Code-generator required, PIC18F27Q43 Definitions
    53                           ; 
    54                           ; SFR Addresses
    55  0000                     _ANSELB	set	1032
    56  0000                     _ANSELA	set	1024
    57  0000                     _TRISB	set	1223
    58  0000                     _PORTB	set	1231
    59  0000                     _LATB	set	1215
    60  0000                     _TRISA	set	1222
    61  0000                     _PORTA	set	1230
    62  0000                     _LATA	set	1214
    63                           
    64                           ; #config settings
    65                           
    66                           	psect	cinit
    67  01FF22                     __pcinit:
    68                           	callstack 0
    69  01FF22                     start_initialization:
    70                           	callstack 0
    71  01FF22                     __initialization:
    72                           	callstack 0
    73                           
    74                           ; Clear objects allocated to COMRAM (13 bytes)
    75  01FF22  EE01  F101         	lfsr	0,__pbssCOMRAM
    76  01FF26  0E0D               	movlw	13
    77  01FF28                     clear_0:
    78  01FF28  6AEE               	clrf	postinc0,c
    79  01FF2A  06E8               	decf	wreg,f,c
    80  01FF2C  E1FD               	bnz	clear_0
    81  01FF2E                     end_of_initialization:
    82                           	callstack 0
    83  01FF2E                     __end_of__initialization:
    84                           	callstack 0
    85  01FF2E  0100               	movlb	0
    86  01FF30  EFAB  F0FF         	goto	_main	;jump to C main() function
    87                           
    88                           	psect	bssCOMRAM
    89  000501                     __pbssCOMRAM:
    90                           	callstack 0
    91  000501                     _G_u32SystemFlags:
    92                           	callstack 0
    93  000501                     	ds	4
    94  000505                     _G_u32SystemTime1s:
    95                           	callstack 0
    96  000505                     	ds	4
    97  000509                     _G_u32SystemTime1ms:
    98                           	callstack 0
    99  000509                     	ds	4
   100  00050D                     _G_u8UserAppFlags:
   101                           	callstack 0
   102  00050D                     	ds	1
   103                           
   104                           	psect	cstackCOMRAM
   105  00050E                     __pcstackCOMRAM:
   106                           	callstack 0
   107  00050E                     UserAppRun@u32Counter:
   108                           	callstack 0
   109                           
   110                           ; 4 bytes @ 0x0
   111  00050E                     	ds	4
   112  000512                     
   113                           ; 1 bytes @ 0x4
   114 ;;
   115 ;;Main: autosize = 0, tempsize = 0, incstack = 0, save=0
   116 ;;
   117 ;; *************** function _main *****************
   118 ;; Defined at:
   119 ;;		line 35 in file "main.c"
   120 ;; Parameters:    Size  Location     Type
   121 ;;		None
   122 ;; Auto vars:     Size  Location     Type
   123 ;;		None
   124 ;; Return value:  Size  Location     Type
   125 ;;                  1    wreg      void 
   126 ;; Registers used:
   127 ;;		wreg, status,2, status,0, cstack
   128 ;; Tracked objects:
   129 ;;		On entry : 0/0
   130 ;;		On exit  : 0/0
   131 ;;		Unchanged: 0/0
   132 ;; Data sizes:     COMRAM   BANK5   BANK6   BANK7   BANK8   BANK9  BANK10  BANK11  BANK12  BANK13  BANK14  BANK15  BANK1
      +6  BANK17  BANK18  BANK19  BANK20  BANK21  BANK22  BANK23  BANK24  BANK25  BANK26  BANK27  BANK28  BANK29  BANK30  BANK3
      +1  BANK32  BANK33  BANK34  BANK35  BANK36  BANK37
   133 ;;      Params:         0       0       0       0       0       0       0       0       0       0       0       0       
      +0       0       0       0       0       0       0       0       0       0       0       0       0       0       0       
      +0       0       0       0       0       0       0
   134 ;;      Locals:         0       0       0       0       0       0       0       0       0       0       0       0       
      +0       0       0       0       0       0       0       0       0       0       0       0       0       0       0       
      +0       0       0       0       0       0       0
   135 ;;      Temps:          0       0       0       0       0       0       0       0       0       0       0       0       
      +0       0       0       0       0       0       0       0       0       0       0       0       0       0       0       
      +0       0       0       0       0       0       0
   136 ;;      Totals:         0       0       0       0       0       0       0       0       0       0       0       0       
      +0       0       0       0       0       0       0       0       0       0       0       0       0       0       0       
      +0       0       0       0       0       0       0
   137 ;;Total ram usage:        0 bytes
   138 ;; Hardware stack levels required when called:    1
   139 ;; This function calls:
   140 ;;		_ClockSetup
   141 ;;		_GpioSetup
   142 ;;		_SysTickSetup
   143 ;;		_SystemSleep
   144 ;;		_UserAppInitialize
   145 ;;		_UserAppRun
   146 ;; This function is called by:
   147 ;;		Startup code after reset
   148 ;; This function uses a non-reentrant model
   149 ;;
   150                           
   151                           	psect	text0
   152  01FF56                     __ptext0:
   153                           	callstack 0
   154  01FF56                     _main:
   155                           	callstack 127
   156  01FF56                     
   157                           ;main.c: 37:   G_u32SystemFlags |= (u32)0x80000000;
   158  01FF56  8E04               	bsf	(_G_u32SystemFlags+3)^(0+1280),7,c	;volatile
   159  01FF58                     
   160                           ;main.c: 40:   ClockSetup();
   161  01FF58  EC8E  F0FF         	call	_ClockSetup	;wreg free
   162  01FF5C                     
   163                           ;main.c: 41:   SysTickSetup();
   164  01FF5C  EC9A  F0FF         	call	_SysTickSetup	;wreg free
   165  01FF60                     
   166                           ;main.c: 42:   GpioSetup();
   167  01FF60  ECBC  F0FF         	call	_GpioSetup	;wreg free
   168  01FF64                     
   169                           ;main.c: 47:   UserAppInitialize();
   170  01FF64  EC90  F0FF         	call	_UserAppInitialize	;wreg free
   171  01FF68                     l793:
   172                           
   173                           ;main.c: 53:   {;main.c: 57:     UserAppRun();
   174  01FF68  ECD0  F0FF         	call	_UserAppRun	;wreg free
   175  01FF6C                     
   176                           ;main.c: 62:     SystemSleep();
   177  01FF6C  EC8F  F0FF         	call	_SystemSleep	;wreg free
   178  01FF70  EFB4  F0FF         	goto	l793
   179  01FF74  EFFE  F0FF         	goto	start
   180  01FF78                     __end_of_main:
   181                           	callstack 0
   182                           
   183 ;; *************** function _UserAppRun *****************
   184 ;; Defined at:
   185 ;;		line 95 in file "user_app.c"
   186 ;; Parameters:    Size  Location     Type
   187 ;;		None
   188 ;; Auto vars:     Size  Location     Type
   189 ;;  u32Counter      4    0[COMRAM] unsigned long 
   190 ;; Return value:  Size  Location     Type
   191 ;;                  1    wreg      void 
   192 ;; Registers used:
   193 ;;		wreg, status,2, status,0
   194 ;; Tracked objects:
   195 ;;		On entry : 0/0
   196 ;;		On exit  : 0/0
   197 ;;		Unchanged: 0/0
   198 ;; Data sizes:     COMRAM   BANK5   BANK6   BANK7   BANK8   BANK9  BANK10  BANK11  BANK12  BANK13  BANK14  BANK15  BANK1
      +6  BANK17  BANK18  BANK19  BANK20  BANK21  BANK22  BANK23  BANK24  BANK25  BANK26  BANK27  BANK28  BANK29  BANK30  BANK3
      +1  BANK32  BANK33  BANK34  BANK35  BANK36  BANK37
   199 ;;      Params:         0       0       0       0       0       0       0       0       0       0       0       0       
      +0       0       0       0       0       0       0       0       0       0       0       0       0       0       0       
      +0       0       0       0       0       0       0
   200 ;;      Locals:         4       0       0       0       0       0       0       0       0       0       0       0       
      +0       0       0       0       0       0       0       0       0       0       0       0       0       0       0       
      +0       0       0       0       0       0       0
   201 ;;      Temps:          0       0       0       0       0       0       0       0       0       0       0       0       
      +0       0       0       0       0       0       0       0       0       0       0       0       0       0       0       
      +0       0       0       0       0       0       0
   202 ;;      Totals:         4       0       0       0       0       0       0       0       0       0       0       0       
      +0       0       0       0       0       0       0       0       0       0       0       0       0       0       0       
      +0       0       0       0       0       0       0
   203 ;;Total ram usage:        4 bytes
   204 ;; Hardware stack levels used:    1
   205 ;; This function calls:
   206 ;;		Nothing
   207 ;; This function is called by:
   208 ;;		_main
   209 ;; This function uses a non-reentrant model
   210 ;;
   211                           
   212                           	psect	text1
   213  01FFA0                     __ptext1:
   214                           	callstack 0
   215  01FFA0                     _UserAppRun:
   216                           	callstack 127
   217  01FFA0                     
   218                           ;user_app.c: 97:   if(LATA == 0x3F)
   219  01FFA0  0E3F               	movlw	63
   220  01FFA2  18BE               	xorwf	190,w,c	;volatile
   221  01FFA4  A4D8               	btfss	status,2,c
   222  01FFA6  EFD7  F0FF         	goto	u11
   223  01FFAA  EFD9  F0FF         	goto	u10
   224  01FFAE                     u11:
   225  01FFAE  EFDB  F0FF         	goto	l759
   226  01FFB2                     u10:
   227  01FFB2                     
   228                           ;user_app.c: 98:     {;user_app.c: 99:         LATA = 0x80;
   229  01FFB2  0E80               	movlw	128
   230  01FFB4  6EBE               	movwf	190,c	;volatile
   231  01FFB6                     l759:
   232                           
   233                           ;user_app.c: 101:   if((PORTB&0x20) == 0x20) {
   234  01FFB6  AACF               	btfss	207,5,c	;volatile
   235  01FFB8  EFE0  F0FF         	goto	u21
   236  01FFBC  EFE2  F0FF         	goto	u20
   237  01FFC0                     u21:
   238  01FFC0  EFFD  F0FF         	goto	l75
   239  01FFC4                     u20:
   240  01FFC4                     
   241                           ;user_app.c: 102:       LATA++;
   242  01FFC4  2ABE               	incf	190,f,c	;volatile
   243  01FFC6                     
   244                           ;user_app.c: 103:       u32 u32Counter = 290000;
   245  01FFC6  0ED0               	movlw	208
   246  01FFC8  6E0E               	movwf	UserAppRun@u32Counter^(0+1280),c
   247  01FFCA  0E6C               	movlw	108
   248  01FFCC  6E0F               	movwf	(UserAppRun@u32Counter+1)^(0+1280),c
   249  01FFCE  0E04               	movlw	4
   250  01FFD0  6E10               	movwf	(UserAppRun@u32Counter+2)^(0+1280),c
   251  01FFD2  0E00               	movlw	0
   252  01FFD4  6E11               	movwf	(UserAppRun@u32Counter+3)^(0+1280),c
   253                           
   254                           ;user_app.c: 104:         while (u32Counter > 0)
   255  01FFD6  EFF2  F0FF         	goto	l72
   256  01FFDA                     l765:
   257                           
   258                           ;user_app.c: 105:         {;user_app.c: 106:             u32Counter--;
   259  01FFDA  060E               	decf	UserAppRun@u32Counter^(0+1280),f,c
   260  01FFDC  0E00               	movlw	0
   261  01FFDE  5A0F               	subwfb	(UserAppRun@u32Counter+1)^(0+1280),f,c
   262  01FFE0  5A10               	subwfb	(UserAppRun@u32Counter+2)^(0+1280),f,c
   263  01FFE2  5A11               	subwfb	(UserAppRun@u32Counter+3)^(0+1280),f,c
   264  01FFE4                     l72:
   265                           
   266                           ;user_app.c: 104:         while (u32Counter > 0)
   267  01FFE4  500E               	movf	UserAppRun@u32Counter^(0+1280),w,c
   268  01FFE6  100F               	iorwf	(UserAppRun@u32Counter+1)^(0+1280),w,c
   269  01FFE8  1010               	iorwf	(UserAppRun@u32Counter+2)^(0+1280),w,c
   270  01FFEA  1011               	iorwf	(UserAppRun@u32Counter+3)^(0+1280),w,c
   271  01FFEC  A4D8               	btfss	status,2,c
   272  01FFEE  EFFB  F0FF         	goto	u31
   273  01FFF2  EFFD  F0FF         	goto	u30
   274  01FFF6                     u31:
   275  01FFF6  EFED  F0FF         	goto	l765
   276  01FFFA                     u30:
   277  01FFFA                     l75:
   278  01FFFA  0012               	return		;funcret
   279  01FFFC                     __end_of_UserAppRun:
   280                           	callstack 0
   281                           
   282 ;; *************** function _UserAppInitialize *****************
   283 ;; Defined at:
   284 ;;		line 76 in file "user_app.c"
   285 ;; Parameters:    Size  Location     Type
   286 ;;		None
   287 ;; Auto vars:     Size  Location     Type
   288 ;;		None
   289 ;; Return value:  Size  Location     Type
   290 ;;                  1    wreg      void 
   291 ;; Registers used:
   292 ;;		None
   293 ;; Tracked objects:
   294 ;;		On entry : 0/0
   295 ;;		On exit  : 0/0
   296 ;;		Unchanged: 0/0
   297 ;; Data sizes:     COMRAM   BANK5   BANK6   BANK7   BANK8   BANK9  BANK10  BANK11  BANK12  BANK13  BANK14  BANK15  BANK1
      +6  BANK17  BANK18  BANK19  BANK20  BANK21  BANK22  BANK23  BANK24  BANK25  BANK26  BANK27  BANK28  BANK29  BANK30  BANK3
      +1  BANK32  BANK33  BANK34  BANK35  BANK36  BANK37
   298 ;;      Params:         0       0       0       0       0       0       0       0       0       0       0       0       
      +0       0       0       0       0       0       0       0       0       0       0       0       0       0       0       
      +0       0       0       0       0       0       0
   299 ;;      Locals:         0       0       0       0       0       0       0       0       0       0       0       0       
      +0       0       0       0       0       0       0       0       0       0       0       0       0       0       0       
      +0       0       0       0       0       0       0
   300 ;;      Temps:          0       0       0       0       0       0       0       0       0       0       0       0       
      +0       0       0       0       0       0       0       0       0       0       0       0       0       0       0       
      +0       0       0       0       0       0       0
   301 ;;      Totals:         0       0       0       0       0       0       0       0       0       0       0       0       
      +0       0       0       0       0       0       0       0       0       0       0       0       0       0       0       
      +0       0       0       0       0       0       0
   302 ;;Total ram usage:        0 bytes
   303 ;; Hardware stack levels used:    1
   304 ;; This function calls:
   305 ;;		Nothing
   306 ;; This function is called by:
   307 ;;		_main
   308 ;; This function uses a non-reentrant model
   309 ;;
   310                           
   311                           	psect	text2
   312  01FF20                     __ptext2:
   313                           	callstack 0
   314  01FF20                     _UserAppInitialize:
   315                           	callstack 127
   316  01FF20  0012               	return		;funcret
   317  01FF22                     __end_of_UserAppInitialize:
   318                           	callstack 0
   319                           
   320 ;; *************** function _SystemSleep *****************
   321 ;; Defined at:
   322 ;;		line 140 in file "encm369_pic18.c"
   323 ;; Parameters:    Size  Location     Type
   324 ;;		None
   325 ;; Auto vars:     Size  Location     Type
   326 ;;		None
   327 ;; Return value:  Size  Location     Type
   328 ;;                  1    wreg      void 
   329 ;; Registers used:
   330 ;;		None
   331 ;; Tracked objects:
   332 ;;		On entry : 0/0
   333 ;;		On exit  : 0/0
   334 ;;		Unchanged: 0/0
   335 ;; Data sizes:     COMRAM   BANK5   BANK6   BANK7   BANK8   BANK9  BANK10  BANK11  BANK12  BANK13  BANK14  BANK15  BANK1
      +6  BANK17  BANK18  BANK19  BANK20  BANK21  BANK22  BANK23  BANK24  BANK25  BANK26  BANK27  BANK28  BANK29  BANK30  BANK3
      +1  BANK32  BANK33  BANK34  BANK35  BANK36  BANK37
   336 ;;      Params:         0       0       0       0       0       0       0       0       0       0       0       0       
      +0       0       0       0       0       0       0       0       0       0       0       0       0       0       0       
      +0       0       0       0       0       0       0
   337 ;;      Locals:         0       0       0       0       0       0       0       0       0       0       0       0       
      +0       0       0       0       0       0       0       0       0       0       0       0       0       0       0       
      +0       0       0       0       0       0       0
   338 ;;      Temps:          0       0       0       0       0       0       0       0       0       0       0       0       
      +0       0       0       0       0       0       0       0       0       0       0       0       0       0       0       
      +0       0       0       0       0       0       0
   339 ;;      Totals:         0       0       0       0       0       0       0       0       0       0       0       0       
      +0       0       0       0       0       0       0       0       0       0       0       0       0       0       0       
      +0       0       0       0       0       0       0
   340 ;;Total ram usage:        0 bytes
   341 ;; Hardware stack levels used:    1
   342 ;; This function calls:
   343 ;;		Nothing
   344 ;; This function is called by:
   345 ;;		_main
   346 ;; This function uses a non-reentrant model
   347 ;;
   348                           
   349                           	psect	text3
   350  01FF1E                     __ptext3:
   351                           	callstack 0
   352  01FF1E                     _SystemSleep:
   353                           	callstack 127
   354  01FF1E  0012               	return		;funcret
   355  01FF20                     __end_of_SystemSleep:
   356                           	callstack 0
   357                           
   358 ;; *************** function _SysTickSetup *****************
   359 ;; Defined at:
   360 ;;		line 118 in file "encm369_pic18.c"
   361 ;; Parameters:    Size  Location     Type
   362 ;;		None
   363 ;; Auto vars:     Size  Location     Type
   364 ;;		None
   365 ;; Return value:  Size  Location     Type
   366 ;;                  1    wreg      void 
   367 ;; Registers used:
   368 ;;		wreg, status,2
   369 ;; Tracked objects:
   370 ;;		On entry : 0/0
   371 ;;		On exit  : 0/0
   372 ;;		Unchanged: 0/0
   373 ;; Data sizes:     COMRAM   BANK5   BANK6   BANK7   BANK8   BANK9  BANK10  BANK11  BANK12  BANK13  BANK14  BANK15  BANK1
      +6  BANK17  BANK18  BANK19  BANK20  BANK21  BANK22  BANK23  BANK24  BANK25  BANK26  BANK27  BANK28  BANK29  BANK30  BANK3
      +1  BANK32  BANK33  BANK34  BANK35  BANK36  BANK37
   374 ;;      Params:         0       0       0       0       0       0       0       0       0       0       0       0       
      +0       0       0       0       0       0       0       0       0       0       0       0       0       0       0       
      +0       0       0       0       0       0       0
   375 ;;      Locals:         0       0       0       0       0       0       0       0       0       0       0       0       
      +0       0       0       0       0       0       0       0       0       0       0       0       0       0       0       
      +0       0       0       0       0       0       0
   376 ;;      Temps:          0       0       0       0       0       0       0       0       0       0       0       0       
      +0       0       0       0       0       0       0       0       0       0       0       0       0       0       0       
      +0       0       0       0       0       0       0
   377 ;;      Totals:         0       0       0       0       0       0       0       0       0       0       0       0       
      +0       0       0       0       0       0       0       0       0       0       0       0       0       0       0       
      +0       0       0       0       0       0       0
   378 ;;Total ram usage:        0 bytes
   379 ;; Hardware stack levels used:    1
   380 ;; This function calls:
   381 ;;		Nothing
   382 ;; This function is called by:
   383 ;;		_main
   384 ;; This function uses a non-reentrant model
   385 ;;
   386                           
   387                           	psect	text4
   388  01FF34                     __ptext4:
   389                           	callstack 0
   390  01FF34                     _SysTickSetup:
   391                           	callstack 127
   392  01FF34                     
   393                           ;encm369_pic18.c: 120:   G_u32SystemTime1ms = 0;
   394  01FF34  0E00               	movlw	0
   395  01FF36  6E09               	movwf	_G_u32SystemTime1ms^(0+1280),c	;volatile
   396  01FF38  0E00               	movlw	0
   397  01FF3A  6E0A               	movwf	(_G_u32SystemTime1ms+1)^(0+1280),c	;volatile
   398  01FF3C  0E00               	movlw	0
   399  01FF3E  6E0B               	movwf	(_G_u32SystemTime1ms+2)^(0+1280),c	;volatile
   400  01FF40  0E00               	movlw	0
   401  01FF42  6E0C               	movwf	(_G_u32SystemTime1ms+3)^(0+1280),c	;volatile
   402                           
   403                           ;encm369_pic18.c: 121:   G_u32SystemTime1s = 0;
   404  01FF44  0E00               	movlw	0
   405  01FF46  6E05               	movwf	_G_u32SystemTime1s^(0+1280),c	;volatile
   406  01FF48  0E00               	movlw	0
   407  01FF4A  6E06               	movwf	(_G_u32SystemTime1s+1)^(0+1280),c	;volatile
   408  01FF4C  0E00               	movlw	0
   409  01FF4E  6E07               	movwf	(_G_u32SystemTime1s+2)^(0+1280),c	;volatile
   410  01FF50  0E00               	movlw	0
   411  01FF52  6E08               	movwf	(_G_u32SystemTime1s+3)^(0+1280),c	;volatile
   412  01FF54  0012               	return		;funcret
   413  01FF56                     __end_of_SysTickSetup:
   414                           	callstack 0
   415                           
   416 ;; *************** function _GpioSetup *****************
   417 ;; Defined at:
   418 ;;		line 89 in file "encm369_pic18.c"
   419 ;; Parameters:    Size  Location     Type
   420 ;;		None
   421 ;; Auto vars:     Size  Location     Type
   422 ;;		None
   423 ;; Return value:  Size  Location     Type
   424 ;;                  1    wreg      void 
   425 ;; Registers used:
   426 ;;		wreg, status,2
   427 ;; Tracked objects:
   428 ;;		On entry : 0/0
   429 ;;		On exit  : 0/0
   430 ;;		Unchanged: 0/0
   431 ;; Data sizes:     COMRAM   BANK5   BANK6   BANK7   BANK8   BANK9  BANK10  BANK11  BANK12  BANK13  BANK14  BANK15  BANK1
      +6  BANK17  BANK18  BANK19  BANK20  BANK21  BANK22  BANK23  BANK24  BANK25  BANK26  BANK27  BANK28  BANK29  BANK30  BANK3
      +1  BANK32  BANK33  BANK34  BANK35  BANK36  BANK37
   432 ;;      Params:         0       0       0       0       0       0       0       0       0       0       0       0       
      +0       0       0       0       0       0       0       0       0       0       0       0       0       0       0       
      +0       0       0       0       0       0       0
   433 ;;      Locals:         0       0       0       0       0       0       0       0       0       0       0       0       
      +0       0       0       0       0       0       0       0       0       0       0       0       0       0       0       
      +0       0       0       0       0       0       0
   434 ;;      Temps:          0       0       0       0       0       0       0       0       0       0       0       0       
      +0       0       0       0       0       0       0       0       0       0       0       0       0       0       0       
      +0       0       0       0       0       0       0
   435 ;;      Totals:         0       0       0       0       0       0       0       0       0       0       0       0       
      +0       0       0       0       0       0       0       0       0       0       0       0       0       0       0       
      +0       0       0       0       0       0       0
   436 ;;Total ram usage:        0 bytes
   437 ;; Hardware stack levels used:    1
   438 ;; This function calls:
   439 ;;		Nothing
   440 ;; This function is called by:
   441 ;;		_main
   442 ;; This function uses a non-reentrant model
   443 ;;
   444                           
   445                           	psect	text5
   446  01FF78                     __ptext5:
   447                           	callstack 0
   448  01FF78                     _GpioSetup:
   449                           	callstack 127
   450  01FF78                     
   451                           ;encm369_pic18.c: 91:     LATA=0x00;
   452  01FF78  0E00               	movlw	0
   453  01FF7A  6EBE               	movwf	190,c	;volatile
   454                           
   455                           ;encm369_pic18.c: 92:     PORTA=0x00;
   456  01FF7C  0E00               	movlw	0
   457  01FF7E  6ECE               	movwf	206,c	;volatile
   458                           
   459                           ;encm369_pic18.c: 93:     TRISA=0x00;
   460  01FF80  0E00               	movlw	0
   461  01FF82  6EC6               	movwf	198,c	;volatile
   462                           
   463                           ;encm369_pic18.c: 94:     ANSELA=0x00;
   464  01FF84  0E00               	movlw	0
   465  01FF86  0104               	movlb	4	; () banked
   466  01FF88  6F00               	movwf	0,b	;volatile
   467                           
   468                           ;encm369_pic18.c: 95:     LATA=0x80;
   469  01FF8A  0E80               	movlw	128
   470  01FF8C  6EBE               	movwf	190,c	;volatile
   471                           
   472                           ;encm369_pic18.c: 97:     LATB=0x00;
   473  01FF8E  0E00               	movlw	0
   474  01FF90  6EBF               	movwf	191,c	;volatile
   475                           
   476                           ;encm369_pic18.c: 98:     PORTB= 0x00;
   477  01FF92  0E00               	movlw	0
   478  01FF94  6ECF               	movwf	207,c	;volatile
   479                           
   480                           ;encm369_pic18.c: 99:     TRISB= 0x20;
   481  01FF96  0E20               	movlw	32
   482  01FF98  6EC7               	movwf	199,c	;volatile
   483                           
   484                           ;encm369_pic18.c: 100:     ANSELB= 0x00;
   485  01FF9A  0E00               	movlw	0
   486  01FF9C  6F08               	movwf	8,b	;volatile
   487  01FF9E                     
   488                           ; BSR set to: 4
   489  01FF9E  0012               	return		;funcret
   490  01FFA0                     __end_of_GpioSetup:
   491                           	callstack 0
   492                           
   493 ;; *************** function _ClockSetup *****************
   494 ;; Defined at:
   495 ;;		line 70 in file "encm369_pic18.c"
   496 ;; Parameters:    Size  Location     Type
   497 ;;		None
   498 ;; Auto vars:     Size  Location     Type
   499 ;;		None
   500 ;; Return value:  Size  Location     Type
   501 ;;                  1    wreg      void 
   502 ;; Registers used:
   503 ;;		None
   504 ;; Tracked objects:
   505 ;;		On entry : 0/0
   506 ;;		On exit  : 0/0
   507 ;;		Unchanged: 0/0
   508 ;; Data sizes:     COMRAM   BANK5   BANK6   BANK7   BANK8   BANK9  BANK10  BANK11  BANK12  BANK13  BANK14  BANK15  BANK1
      +6  BANK17  BANK18  BANK19  BANK20  BANK21  BANK22  BANK23  BANK24  BANK25  BANK26  BANK27  BANK28  BANK29  BANK30  BANK3
      +1  BANK32  BANK33  BANK34  BANK35  BANK36  BANK37
   509 ;;      Params:         0       0       0       0       0       0       0       0       0       0       0       0       
      +0       0       0       0       0       0       0       0       0       0       0       0       0       0       0       
      +0       0       0       0       0       0       0
   510 ;;      Locals:         0       0       0       0       0       0       0       0       0       0       0       0       
      +0       0       0       0       0       0       0       0       0       0       0       0       0       0       0       
      +0       0       0       0       0       0       0
   511 ;;      Temps:          0       0       0       0       0       0       0       0       0       0       0       0       
      +0       0       0       0       0       0       0       0       0       0       0       0       0       0       0       
      +0       0       0       0       0       0       0
   512 ;;      Totals:         0       0       0       0       0       0       0       0       0       0       0       0       
      +0       0       0       0       0       0       0       0       0       0       0       0       0       0       0       
      +0       0       0       0       0       0       0
   513 ;;Total ram usage:        0 bytes
   514 ;; Hardware stack levels used:    1
   515 ;; This function calls:
   516 ;;		Nothing
   517 ;; This function is called by:
   518 ;;		_main
   519 ;; This function uses a non-reentrant model
   520 ;;
   521                           
   522                           	psect	text6
   523  01FF1C                     __ptext6:
   524                           	callstack 0
   525  01FF1C                     _ClockSetup:
   526                           	callstack 127
   527  01FF1C  0012               	return		;funcret
   528  01FF1E                     __end_of_ClockSetup:
   529                           	callstack 0
   530  0000                     
   531                           	psect	rparam
   532  0000                     
   533                           	psect	idloc
   534                           
   535                           ;Config register IDLOC0 @ 0x200000
   536                           ;	unspecified, using default values
   537  200000                     	org	2097152
   538  200000  0FFF               	dw	4095
   539                           
   540                           ;Config register IDLOC1 @ 0x200002
   541                           ;	unspecified, using default values
   542  200002                     	org	2097154
   543  200002  0FFF               	dw	4095
   544                           
   545                           ;Config register IDLOC2 @ 0x200004
   546                           ;	unspecified, using default values
   547  200004                     	org	2097156
   548  200004  0FFF               	dw	4095
   549                           
   550                           ;Config register IDLOC3 @ 0x200006
   551                           ;	unspecified, using default values
   552  200006                     	org	2097158
   553  200006  0FFF               	dw	4095
   554                           
   555                           ;Config register IDLOC4 @ 0x200008
   556                           ;	unspecified, using default values
   557  200008                     	org	2097160
   558  200008  0FFF               	dw	4095
   559                           
   560                           ;Config register IDLOC5 @ 0x20000A
   561                           ;	unspecified, using default values
   562  20000A                     	org	2097162
   563  20000A  0FFF               	dw	4095
   564                           
   565                           ;Config register IDLOC6 @ 0x20000C
   566                           ;	unspecified, using default values
   567  20000C                     	org	2097164
   568  20000C  0FFF               	dw	4095
   569                           
   570                           ;Config register IDLOC7 @ 0x20000E
   571                           ;	unspecified, using default values
   572  20000E                     	org	2097166
   573  20000E  0FFF               	dw	4095
   574                           
   575                           ;Config register IDLOC8 @ 0x200010
   576                           ;	unspecified, using default values
   577  200010                     	org	2097168
   578  200010  0FFF               	dw	4095
   579                           
   580                           ;Config register IDLOC9 @ 0x200012
   581                           ;	unspecified, using default values
   582  200012                     	org	2097170
   583  200012  0FFF               	dw	4095
   584                           
   585                           ;Config register IDLOC10 @ 0x200014
   586                           ;	unspecified, using default values
   587  200014                     	org	2097172
   588  200014  0FFF               	dw	4095
   589                           
   590                           ;Config register IDLOC11 @ 0x200016
   591                           ;	unspecified, using default values
   592  200016                     	org	2097174
   593  200016  0FFF               	dw	4095
   594                           
   595                           ;Config register IDLOC12 @ 0x200018
   596                           ;	unspecified, using default values
   597  200018                     	org	2097176
   598  200018  0FFF               	dw	4095
   599                           
   600                           ;Config register IDLOC13 @ 0x20001A
   601                           ;	unspecified, using default values
   602  20001A                     	org	2097178
   603  20001A  0FFF               	dw	4095
   604                           
   605                           ;Config register IDLOC14 @ 0x20001C
   606                           ;	unspecified, using default values
   607  20001C                     	org	2097180
   608  20001C  0FFF               	dw	4095
   609                           
   610                           ;Config register IDLOC15 @ 0x20001E
   611                           ;	unspecified, using default values
   612  20001E                     	org	2097182
   613  20001E  0FFF               	dw	4095
   614                           
   615                           	psect	config
   616                           
   617                           ;Config register CONFIG1 @ 0x300000
   618                           ;	External Oscillator Selection
   619                           ;	FEXTOSC = OFF, Oscillator not enabled
   620                           ;	Reset Oscillator Selection
   621                           ;	RSTOSC = HFINTOSC_64MHZ, HFINTOSC with HFFRQ = 64 MHz and CDIV = 1:1
   622  300000                     	org	3145728
   623  300000  8C                 	db	140
   624                           
   625                           ;Config register CONFIG2 @ 0x300001
   626                           ;	Clock out Enable bit
   627                           ;	CLKOUTEN = ON, CLKOUT function is enabled
   628                           ;	PRLOCKED One-Way Set Enable bit
   629                           ;	PR1WAY = ON, PRLOCKED bit can be cleared and set only once
   630                           ;	Clock Switch Enable bit
   631                           ;	CSWEN = ON, Writing to NOSC and NDIV is allowed
   632                           ;	Fail-Safe Clock Monitor Enable bit
   633                           ;	FCMEN = ON, Fail-Safe Clock Monitor enabled
   634  300001                     	org	3145729
   635  300001  FE                 	db	254
   636                           
   637                           ;Config register CONFIG3 @ 0x300002
   638                           ;	MCLR Enable bit
   639                           ;	MCLRE = EXTMCLR, If LVP = 0, MCLR pin is MCLR; If LVP = 1, RE3 pin function is MCLR
   640                           ;	Power-up timer selection bits
   641                           ;	PWRTS = PWRT_OFF, PWRT is disabled
   642                           ;	Multi-vector enable bit
   643                           ;	MVECEN = ON, Multi-vector enabled, Vector table used for interrupts
   644                           ;	IVTLOCK bit One-way set enable bit
   645                           ;	IVT1WAY = ON, IVTLOCKED bit can be cleared and set only once
   646                           ;	Low Power BOR Enable bit
   647                           ;	LPBOREN = OFF, Low-Power BOR disabled
   648                           ;	Brown-out Reset Enable bits
   649                           ;	BOREN = SBORDIS, Brown-out Reset enabled , SBOREN bit is ignored
   650  300002                     	org	3145730
   651  300002  FF                 	db	255
   652                           
   653                           ;Config register CONFIG4 @ 0x300003
   654                           ;	Brown-out Reset Voltage Selection bits
   655                           ;	BORV = VBOR_2P85, Brown-out Reset Voltage (VBOR) set to 2.8V
   656                           ;	ZCD Disable bit
   657                           ;	ZCD = OFF, ZCD module is disabled. ZCD can be enabled by setting the ZCDSEN bit of ZCD
      +                          CON
   658                           ;	PPSLOCK bit One-Way Set Enable bit
   659                           ;	PPS1WAY = ON, PPSLOCKED bit can be cleared and set only once; PPS registers remain loc
      +                          ked after one clear/set cycle
   660                           ;	Stack Full/Underflow Reset Enable bit
   661                           ;	STVREN = ON, Stack full/underflow will cause Reset
   662                           ;	Low Voltage Programming Enable bit
   663                           ;	LVP = ON, Low voltage programming enabled. MCLR/VPP pin function is MCLR. MCLRE config
      +                          uration bit is ignored
   664                           ;	Extended Instruction Set Enable bit
   665                           ;	XINST = OFF, Extended Instruction Set and Indexed Addressing Mode disabled
   666  300003                     	org	3145731
   667  300003  FC                 	db	252
   668                           
   669                           ;Config register CONFIG5 @ 0x300004
   670                           ;	WDT Period selection bits
   671                           ;	WDTCPS = WDTCPS_31, Divider ratio 1:65536; software control of WDTPS
   672                           ;	WDT operating mode
   673                           ;	WDTE = OFF, WDT Disabled; SWDTEN is ignored
   674  300004                     	org	3145732
   675  300004  9F                 	db	159
   676                           
   677                           ;Config register CONFIG6 @ 0x300005
   678                           ;	WDT Window Select bits
   679                           ;	WDTCWS = WDTCWS_7, window always open (100%); software control; keyed access not requi
      +                          red
   680                           ;	WDT input clock selector
   681                           ;	WDTCCS = SC, Software Control
   682  300005                     	org	3145733
   683  300005  FF                 	db	255
   684                           
   685                           ;Config register CONFIG7 @ 0x300006
   686                           ;	Boot Block Size selection bits
   687                           ;	BBSIZE = BBSIZE_512, Boot Block size is 512 words
   688                           ;	Boot Block enable bit
   689                           ;	BBEN = OFF, Boot block disabled
   690                           ;	Storage Area Flash enable bit
   691                           ;	SAFEN = OFF, SAF disabled
   692                           ;	Background Debugger
   693                           ;	DEBUG = OFF, Background Debugger disabled
   694  300006                     	org	3145734
   695  300006  FF                 	db	255
   696                           
   697                           ;Config register CONFIG8 @ 0x300007
   698                           ;	Boot Block Write Protection bit
   699                           ;	WRTB = OFF, Boot Block not Write protected
   700                           ;	Configuration Register Write Protection bit
   701                           ;	WRTC = OFF, Configuration registers not Write protected
   702                           ;	Data EEPROM Write Protection bit
   703                           ;	WRTD = OFF, Data EEPROM not Write protected
   704                           ;	SAF Write protection bit
   705                           ;	WRTSAF = OFF, SAF not Write Protected
   706                           ;	Application Block write protection bit
   707                           ;	WRTAPP = OFF, Application Block not write protected
   708  300007                     	org	3145735
   709  300007  FF                 	db	255
   710                           
   711                           ; Padding undefined space
   712  300008                     	org	3145736
   713  300008  FF                 	db	255
   714                           
   715                           ;Config register CONFIG10 @ 0x300009
   716                           ;	PFM and Data EEPROM Code Protection bit
   717                           ;	CP = OFF, PFM and Data EEPROM code protection disabled
   718  300009                     	org	3145737
   719  300009  FF                 	db	255
   720                           tosu	equ	0x4FF
   721                           tosh	equ	0x4FE
   722                           tosl	equ	0x4FD
   723                           stkptr	equ	0x4FC
   724                           pclatu	equ	0x4FB
   725                           pclath	equ	0x4FA
   726                           pcl	equ	0x4F9
   727                           tblptru	equ	0x4F8
   728                           tblptrh	equ	0x4F7
   729                           tblptrl	equ	0x4F6
   730                           tablat	equ	0x4F5
   731                           prodh	equ	0x4F4
   732                           prodl	equ	0x4F3
   733                           indf0	equ	0x4EF
   734                           postinc0	equ	0x4EE
   735                           postdec0	equ	0x4ED
   736                           preinc0	equ	0x4EC
   737                           plusw0	equ	0x4EB
   738                           fsr0h	equ	0x4EA
   739                           fsr0l	equ	0x4E9
   740                           wreg	equ	0x4E8
   741                           indf1	equ	0x4E7
   742                           postinc1	equ	0x4E6
   743                           postdec1	equ	0x4E5
   744                           preinc1	equ	0x4E4
   745                           plusw1	equ	0x4E3
   746                           fsr1h	equ	0x4E2
   747                           fsr1l	equ	0x4E1
   748                           bsr	equ	0x4E0
   749                           indf2	equ	0x4DF
   750                           postinc2	equ	0x4DE
   751                           postdec2	equ	0x4DD
   752                           preinc2	equ	0x4DC
   753                           plusw2	equ	0x4DB
   754                           fsr2h	equ	0x4DA
   755                           fsr2l	equ	0x4D9
   756                           status	equ	0x4D8

Data Sizes:
    Strings     0
    Constant    0
    Data        0
    BSS         13
    Persistent  0
    Stack       0

Auto Spaces:
    Space          Size  Autos    Used
    COMRAM           95      4      17
    BANK5           160      0       0
    BANK6           256      0       0
    BANK7           256      0       0
    BANK8           256      0       0
    BANK9           256      0       0
    BANK10          256      0       0
    BANK11          256      0       0
    BANK12          256      0       0
    BANK13          256      0       0
    BANK14          256      0       0
    BANK15          256      0       0
    BANK16          256      0       0
    BANK17          256      0       0
    BANK18          256      0       0
    BANK19          256      0       0
    BANK20          256      0       0
    BANK21          256      0       0
    BANK22          256      0       0
    BANK23          256      0       0
    BANK24          256      0       0
    BANK25          256      0       0
    BANK26          256      0       0
    BANK27          256      0       0
    BANK28          256      0       0
    BANK29          256      0       0
    BANK30          256      0       0
    BANK31          256      0       0
    BANK32          256      0       0
    BANK33          256      0       0
    BANK34          256      0       0
    BANK35          256      0       0
    BANK36          256      0       0
    BANK37          256      0       0

Pointer List with Targets:

    None.

Critical Paths under _main in COMRAM

    _main->_UserAppRun

Critical Paths under _main in BANK5

    None.

Critical Paths under _main in BANK6

    None.

Critical Paths under _main in BANK7

    None.

Critical Paths under _main in BANK8

    None.

Critical Paths under _main in BANK9

    None.

Critical Paths under _main in BANK10

    None.

Critical Paths under _main in BANK11

    None.

Critical Paths under _main in BANK12

    None.

Critical Paths under _main in BANK13

    None.

Critical Paths under _main in BANK14

    None.

Critical Paths under _main in BANK15

    None.

Critical Paths under _main in BANK16

    None.

Critical Paths under _main in BANK17

    None.

Critical Paths under _main in BANK18

    None.

Critical Paths under _main in BANK19

    None.

Critical Paths under _main in BANK20

    None.

Critical Paths under _main in BANK21

    None.

Critical Paths under _main in BANK22

    None.

Critical Paths under _main in BANK23

    None.

Critical Paths under _main in BANK24

    None.

Critical Paths under _main in BANK25

    None.

Critical Paths under _main in BANK26

    None.

Critical Paths under _main in BANK27

    None.

Critical Paths under _main in BANK28

    None.

Critical Paths under _main in BANK29

    None.

Critical Paths under _main in BANK30

    None.

Critical Paths under _main in BANK31

    None.

Critical Paths under _main in BANK32

    None.

Critical Paths under _main in BANK33

    None.

Critical Paths under _main in BANK34

    None.

Critical Paths under _main in BANK35

    None.

Critical Paths under _main in BANK36

    None.

Critical Paths under _main in BANK37

    None.

Call Graph Tables:

 ---------------------------------------------------------------------------------
 (Depth) Function   	        Calls       Base Space   Used Autos Params    Refs
 ---------------------------------------------------------------------------------
 (0) _main                                                 0     0      0      15
                         _ClockSetup
                          _GpioSetup
                       _SysTickSetup
                        _SystemSleep
                  _UserAppInitialize
                         _UserAppRun
 ---------------------------------------------------------------------------------
 (1) _UserAppRun                                           4     4      0      15
                                              0 COMRAM     4     4      0
 ---------------------------------------------------------------------------------
 (1) _UserAppInitialize                                    0     0      0       0
 ---------------------------------------------------------------------------------
 (1) _SystemSleep                                          0     0      0       0
 ---------------------------------------------------------------------------------
 (1) _SysTickSetup                                         0     0      0       0
 ---------------------------------------------------------------------------------
 (1) _GpioSetup                                            0     0      0       0
 ---------------------------------------------------------------------------------
 (1) _ClockSetup                                           0     0      0       0
 ---------------------------------------------------------------------------------
 Estimated maximum stack depth 1
 ---------------------------------------------------------------------------------

 Call Graph Graphs:

 _main (ROOT)
   _ClockSetup
   _GpioSetup
   _SysTickSetup
   _SystemSleep
   _UserAppInitialize
   _UserAppRun

 Address spaces:
Name               Size   Autos  Total    Cost      Usage
BIGRAM            20FF      0       0      71        0.0%
EEDATA             400      0       0       0        0.0%
BITBANK37          100      0       0      70        0.0%
BANK37             100      0       0      68        0.0%
BITBANK36          100      0       0      66        0.0%
BANK36             100      0       0      67        0.0%
BITBANK35          100      0       0      64        0.0%
BANK35             100      0       0      65        0.0%
BITBANK34          100      0       0      62        0.0%
BANK34             100      0       0      63        0.0%
BITBANK33          100      0       0      60        0.0%
BANK33             100      0       0      61        0.0%
BITBANK32          100      0       0      58        0.0%
BANK32             100      0       0      59        0.0%
BITBANK31          100      0       0      56        0.0%
BANK31             100      0       0      57        0.0%
BITBANK30          100      0       0      54        0.0%
BANK30             100      0       0      55        0.0%
BITBANK29          100      0       0      52        0.0%
BANK29             100      0       0      53        0.0%
BITBANK28          100      0       0      50        0.0%
BANK28             100      0       0      51        0.0%
BITBANK27          100      0       0      48        0.0%
BANK27             100      0       0      49        0.0%
BITBANK26          100      0       0      46        0.0%
BANK26             100      0       0      47        0.0%
BITBANK25          100      0       0      44        0.0%
BANK25             100      0       0      45        0.0%
BITBANK24          100      0       0      42        0.0%
BANK24             100      0       0      43        0.0%
BITBANK23          100      0       0      40        0.0%
BANK23             100      0       0      41        0.0%
BITBANK22          100      0       0      38        0.0%
BANK22             100      0       0      39        0.0%
BITBANK21          100      0       0      36        0.0%
BANK21             100      0       0      37        0.0%
BITBANK20          100      0       0      34        0.0%
BANK20             100      0       0      35        0.0%
BITBANK19          100      0       0      32        0.0%
BANK19             100      0       0      33        0.0%
BITBANK18          100      0       0      30        0.0%
BANK18             100      0       0      31        0.0%
BITBANK17          100      0       0      28        0.0%
BANK17             100      0       0      29        0.0%
BITBANK16          100      0       0      26        0.0%
BANK16             100      0       0      27        0.0%
BITBANK15          100      0       0      24        0.0%
BANK15             100      0       0      25        0.0%
BITBANK14          100      0       0      22        0.0%
BANK14             100      0       0      23        0.0%
BITBANK13          100      0       0      20        0.0%
BANK13             100      0       0      21        0.0%
BITBANK12          100      0       0      18        0.0%
BANK12             100      0       0      19        0.0%
BITBANK11          100      0       0      16        0.0%
BANK11             100      0       0      17        0.0%
BITBANK10          100      0       0      14        0.0%
BANK10             100      0       0      15        0.0%
BITBANK9           100      0       0      12        0.0%
BANK9              100      0       0      13        0.0%
BITBANK8           100      0       0      10        0.0%
BANK8              100      0       0      11        0.0%
BITBANK7           100      0       0       8        0.0%
BANK7              100      0       0       9        0.0%
BITBANK6           100      0       0       6        0.0%
BANK6              100      0       0       7        0.0%
BITBANK5            A0      0       0       4        0.0%
BANK5               A0      0       0       5        0.0%
BITCOMRAM           5F      0       0       0        0.0%
COMRAM              5F      4      11       1       17.9%
BITSFR_5             0      0       0     200        0.0%
SFR_5                0      0       0     200        0.0%
BITSFR_4             0      0       0     200        0.0%
SFR_4                0      0       0     200        0.0%
BITSFR_3             0      0       0     200        0.0%
SFR_3                0      0       0     200        0.0%
BITSFR_2             0      0       0     200        0.0%
SFR_2                0      0       0     200        0.0%
BITSFR_1             0      0       0     200        0.0%
SFR_1                0      0       0     200        0.0%
BITSFR               0      0       0     200        0.0%
SFR                  0      0       0     200        0.0%
STACK                0      0       0       2        0.0%
NULL                 0      0       0       0        0.0%
ABS                  0      0      11      69        0.0%
DATA                 0      0      11       3        0.0%
CODE                 0      0       0       0        0.0%


Microchip Technology PIC18 Macro Assembler V2.31 build 20201012212115 
Symbol Table                                                                                   Wed Feb 24 13:55:07 2021

     __size_of_SysTickSetup 0022                          l23 FF1C                          l32 FF1E  
                        l26 FF9E                          l29 FF54                          l72 FFE4  
                        l67 FF20                          l75 FFFA                          u10 FFB2  
                        u11 FFAE                          u20 FFC4                          u21 FFC0  
                        u30 FFFA                          u31 FFF6                         l751 FF78  
                       l761 FFC4                         l763 FFC6                         l755 FFA0  
                       l781 FF34                         l765 FFDA                         l757 FFB2  
                       l759 FFB6                         l791 FF64                         l783 FF56  
                       l793 FF68                         l785 FF58                         l795 FF6C  
                       l787 FF5C                         l789 FF60                         wreg 0004E8  
                      _LATA 0004BE                        _LATB 0004BF                        _main FF56  
              _SysTickSetup FF34                        start FFFC        __size_of_SystemSleep 0002  
              ___param_bank 000000                  _ClockSetup FF1C                       ?_main 050E  
                     _PORTA 0004CE                       _PORTB 0004CF                       _TRISA 0004C6  
                     _TRISB 0004C7                       status 0004D8             __initialization FF22  
              __end_of_main FF78                      ??_main 0512               __activetblptr 000000  
                    _ANSELA 000400                      _ANSELB 000408          __size_of_GpioSetup 0028  
               ?_ClockSetup 050E                      clear_0 FF28                  _UserAppRun FFA0  
                __accesstop 0560     __end_of__initialization FF2E               ___rparam_used 000001  
          _G_u8UserAppFlags 050D              __pcstackCOMRAM 050E           __end_of_GpioSetup FFA0  
       __size_of_ClockSetup 0002                 ?_UserAppRun 050E               ??_SystemSleep 050E  
                   __Hparam 0000                     __Lparam 0000                     __pcinit FF22  
                   __ramtop 2600                     __ptext0 FF56                     __ptext1 FFA0  
                   __ptext2 FF20                     __ptext3 FF1E                     __ptext4 FF34  
                   __ptext5 FF78                     __ptext6 FF1C        end_of_initialization FF2E  
          _G_u32SystemFlags 0501                     postinc0 0004EE         __end_of_SystemSleep FF20  
              ??_ClockSetup 050E         __size_of_UserAppRun 005C        UserAppRun@u32Counter 050E  
        __end_of_ClockSetup FF1E                   _GpioSetup FF78         start_initialization FF22  
             ?_SysTickSetup 050E                 _SystemSleep FF1E                  ?_GpioSetup 050E  
               __pbssCOMRAM 0501           _UserAppInitialize FF20                ??_UserAppRun 050E  
        ?_UserAppInitialize 050E              ??_SysTickSetup 050E         ??_UserAppInitialize 050E  
        __end_of_UserAppRun FFFC   __end_of_UserAppInitialize FF22                 ??_GpioSetup 050E  
                  __Hrparam 0000                    __Lrparam 0000        __end_of_SysTickSetup FF56  
__size_of_UserAppInitialize 0002               __size_of_main 0022                ?_SystemSleep 050E  
        _G_u32SystemTime1ms 0509           _G_u32SystemTime1s 0505  
